TimeQuest Timing Analyzer report for bai3
Fri Oct 21 20:28:14 2022
Quartus II 64-Bit Version 13.0.1 Build 232 06/12/2013 Service Pack 1 SJ Web Edition


---------------------
; Table of Contents ;
---------------------
  1. Legal Notice
  2. TimeQuest Timing Analyzer Summary
  3. Parallel Compilation
  4. Clocks
  5. Slow Model Fmax Summary
  6. Slow Model Setup Summary
  7. Slow Model Hold Summary
  8. Slow Model Recovery Summary
  9. Slow Model Removal Summary
 10. Slow Model Minimum Pulse Width Summary
 11. Propagation Delay
 12. Minimum Propagation Delay
 13. Fast Model Setup Summary
 14. Fast Model Hold Summary
 15. Fast Model Recovery Summary
 16. Fast Model Removal Summary
 17. Fast Model Minimum Pulse Width Summary
 18. Propagation Delay
 19. Minimum Propagation Delay
 20. Multicorner Timing Analysis Summary
 21. Progagation Delay
 22. Minimum Progagation Delay
 23. Clock Transfers
 24. Report TCCS
 25. Report RSKM
 26. Unconstrained Paths
 27. TimeQuest Timing Analyzer Messages



----------------
; Legal Notice ;
----------------
Copyright (C) 1991-2013 Altera Corporation
Your use of Altera Corporation's design tools, logic functions 
and other software and tools, and its AMPP partner logic 
functions, and any output files from any of the foregoing 
(including device programming or simulation files), and any 
associated documentation or information are expressly subject 
to the terms and conditions of the Altera Program License 
Subscription Agreement, Altera MegaCore Function License 
Agreement, or other applicable license agreement, including, 
without limitation, that your use is for the sole purpose of 
programming logic devices manufactured by Altera and sold by 
Altera or its authorized distributors.  Please refer to the 
applicable agreement for further details.



+----------------------------------------------------------------------------------------+
; TimeQuest Timing Analyzer Summary                                                      ;
+--------------------+-------------------------------------------------------------------+
; Quartus II Version ; Version 13.0.1 Build 232 06/12/2013 Service Pack 1 SJ Web Edition ;
; Revision Name      ; bai3                                                              ;
; Device Family      ; Cyclone II                                                        ;
; Device Name        ; EP2C35F672C6                                                      ;
; Timing Models      ; Final                                                             ;
; Delay Model        ; Combined                                                          ;
; Rise/Fall Delays   ; Unavailable                                                       ;
+--------------------+-------------------------------------------------------------------+


+------------------------------------------+
; Parallel Compilation                     ;
+----------------------------+-------------+
; Processors                 ; Number      ;
+----------------------------+-------------+
; Number detected on machine ; 8           ;
; Maximum allowed            ; 4           ;
;                            ;             ;
; Average used               ; 1.00        ;
; Maximum used               ; 1           ;
;                            ;             ;
; Usage by Processor         ; % Time Used ;
;     Processor 1            ; 100.0%      ;
;     Processors 2-8         ;   0.0%      ;
+----------------------------+-------------+


----------
; Clocks ;
----------
No clocks to report.


---------------------------
; Slow Model Fmax Summary ;
---------------------------
No paths to report.


----------------------------
; Slow Model Setup Summary ;
----------------------------
No paths to report.


---------------------------
; Slow Model Hold Summary ;
---------------------------
No paths to report.


-------------------------------
; Slow Model Recovery Summary ;
-------------------------------
No paths to report.


------------------------------
; Slow Model Removal Summary ;
------------------------------
No paths to report.


------------------------------------------
; Slow Model Minimum Pulse Width Summary ;
------------------------------------------
No paths to report.


+--------------------------------------------------------------+
; Propagation Delay                                            ;
+------------+-------------+--------+--------+--------+--------+
; Input Port ; Output Port ; RR     ; RF     ; FR     ; FF     ;
+------------+-------------+--------+--------+--------+--------+
; SW[0]      ; HEX0[0]     ; 14.667 ; 14.667 ; 14.667 ; 14.667 ;
; SW[0]      ; HEX0[1]     ; 14.499 ; 14.499 ; 14.499 ; 14.499 ;
; SW[0]      ; HEX0[2]     ; 14.693 ; 14.693 ; 14.693 ; 14.693 ;
; SW[0]      ; HEX0[3]     ; 14.490 ; 14.490 ; 14.490 ; 14.490 ;
; SW[0]      ; HEX0[4]     ; 14.699 ; 14.699 ; 14.699 ; 14.699 ;
; SW[0]      ; HEX0[5]     ; 14.480 ; 14.480 ; 14.480 ; 14.480 ;
; SW[0]      ; HEX0[6]     ; 14.486 ; 14.486 ; 14.486 ; 14.486 ;
; SW[0]      ; HEX1[0]     ; 16.225 ; 16.225 ; 16.225 ; 16.225 ;
; SW[0]      ; HEX1[1]     ; 16.247 ; 16.247 ; 16.247 ; 16.247 ;
; SW[0]      ; HEX1[2]     ; 16.221 ; 16.221 ; 16.221 ; 16.221 ;
; SW[0]      ; HEX1[3]     ; 16.398 ; 16.398 ; 16.398 ; 16.398 ;
; SW[0]      ; HEX1[4]     ; 16.244 ; 16.244 ; 16.244 ; 16.244 ;
; SW[0]      ; HEX1[5]     ; 16.236 ; 16.236 ; 16.236 ; 16.236 ;
; SW[0]      ; HEX1[6]     ; 16.240 ; 16.240 ; 16.240 ; 16.240 ;
; SW[0]      ; HEX4[0]     ; 10.245 ; 10.245 ; 10.245 ; 10.245 ;
; SW[0]      ; HEX4[1]     ; 10.274 ; 10.274 ; 10.274 ; 10.274 ;
; SW[0]      ; HEX4[2]     ;        ; 10.249 ; 10.249 ;        ;
; SW[0]      ; HEX4[3]     ; 10.262 ; 10.262 ; 10.262 ; 10.262 ;
; SW[0]      ; HEX4[4]     ; 10.703 ;        ;        ; 10.703 ;
; SW[0]      ; HEX4[5]     ; 10.763 ;        ;        ; 10.763 ;
; SW[0]      ; HEX4[6]     ; 10.266 ; 10.266 ; 10.266 ; 10.266 ;
; SW[1]      ; HEX0[0]     ; 13.501 ; 13.501 ; 13.501 ; 13.501 ;
; SW[1]      ; HEX0[1]     ; 13.333 ; 13.333 ; 13.333 ; 13.333 ;
; SW[1]      ; HEX0[2]     ; 13.527 ; 13.527 ; 13.527 ; 13.527 ;
; SW[1]      ; HEX0[3]     ; 13.324 ; 13.324 ; 13.324 ; 13.324 ;
; SW[1]      ; HEX0[4]     ; 13.533 ; 13.533 ; 13.533 ; 13.533 ;
; SW[1]      ; HEX0[5]     ; 13.314 ; 13.314 ; 13.314 ; 13.314 ;
; SW[1]      ; HEX0[6]     ; 13.320 ; 13.320 ; 13.320 ; 13.320 ;
; SW[1]      ; HEX1[0]     ; 15.059 ; 15.059 ; 15.059 ; 15.059 ;
; SW[1]      ; HEX1[1]     ; 15.081 ; 15.081 ; 15.081 ; 15.081 ;
; SW[1]      ; HEX1[2]     ; 15.055 ; 15.055 ; 15.055 ; 15.055 ;
; SW[1]      ; HEX1[3]     ; 15.232 ; 15.232 ; 15.232 ; 15.232 ;
; SW[1]      ; HEX1[4]     ; 15.078 ; 15.078 ; 15.078 ; 15.078 ;
; SW[1]      ; HEX1[5]     ; 15.070 ; 15.070 ; 15.070 ; 15.070 ;
; SW[1]      ; HEX1[6]     ; 15.074 ; 15.074 ; 15.074 ; 15.074 ;
; SW[1]      ; HEX4[0]     ; 9.645  ; 9.645  ; 9.645  ; 9.645  ;
; SW[1]      ; HEX4[1]     ; 9.666  ; 9.666  ; 9.666  ; 9.666  ;
; SW[1]      ; HEX4[2]     ; 9.672  ;        ;        ; 9.672  ;
; SW[1]      ; HEX4[3]     ; 9.658  ; 9.658  ; 9.658  ; 9.658  ;
; SW[1]      ; HEX4[4]     ;        ; 10.098 ; 10.098 ;        ;
; SW[1]      ; HEX4[5]     ; 10.159 ; 10.159 ; 10.159 ; 10.159 ;
; SW[1]      ; HEX4[6]     ; 9.653  ; 9.653  ; 9.653  ; 9.653  ;
; SW[2]      ; HEX0[0]     ; 12.649 ; 12.649 ; 12.649 ; 12.649 ;
; SW[2]      ; HEX0[1]     ; 12.481 ; 12.481 ; 12.481 ; 12.481 ;
; SW[2]      ; HEX0[2]     ; 12.675 ; 12.675 ; 12.675 ; 12.675 ;
; SW[2]      ; HEX0[3]     ; 12.472 ; 12.472 ; 12.472 ; 12.472 ;
; SW[2]      ; HEX0[4]     ; 12.681 ; 12.681 ; 12.681 ; 12.681 ;
; SW[2]      ; HEX0[5]     ; 12.462 ; 12.462 ; 12.462 ; 12.462 ;
; SW[2]      ; HEX0[6]     ; 12.468 ; 12.468 ; 12.468 ; 12.468 ;
; SW[2]      ; HEX1[0]     ; 14.208 ; 14.208 ; 14.208 ; 14.208 ;
; SW[2]      ; HEX1[1]     ; 14.230 ; 14.230 ; 14.230 ; 14.230 ;
; SW[2]      ; HEX1[2]     ; 14.204 ; 14.204 ; 14.204 ; 14.204 ;
; SW[2]      ; HEX1[3]     ; 14.381 ; 14.381 ; 14.381 ; 14.381 ;
; SW[2]      ; HEX1[4]     ; 14.227 ; 14.227 ; 14.227 ; 14.227 ;
; SW[2]      ; HEX1[5]     ; 14.219 ; 14.219 ; 14.219 ; 14.219 ;
; SW[2]      ; HEX1[6]     ; 14.223 ; 14.223 ; 14.223 ; 14.223 ;
; SW[2]      ; HEX4[0]     ; 9.812  ; 9.812  ; 9.812  ; 9.812  ;
; SW[2]      ; HEX4[1]     ; 9.838  ;        ;        ; 9.838  ;
; SW[2]      ; HEX4[2]     ; 9.814  ; 9.814  ; 9.814  ; 9.814  ;
; SW[2]      ; HEX4[3]     ; 9.825  ; 9.825  ; 9.825  ; 9.825  ;
; SW[2]      ; HEX4[4]     ; 10.265 ; 10.265 ; 10.265 ; 10.265 ;
; SW[2]      ; HEX4[5]     ; 10.325 ; 10.325 ; 10.325 ; 10.325 ;
; SW[2]      ; HEX4[6]     ; 9.829  ; 9.829  ; 9.829  ; 9.829  ;
; SW[3]      ; HEX0[0]     ; 10.987 ; 10.987 ; 10.987 ; 10.987 ;
; SW[3]      ; HEX0[1]     ; 10.819 ; 10.819 ; 10.819 ; 10.819 ;
; SW[3]      ; HEX0[2]     ; 11.013 ; 11.013 ; 11.013 ; 11.013 ;
; SW[3]      ; HEX0[3]     ; 10.810 ; 10.810 ; 10.810 ; 10.810 ;
; SW[3]      ; HEX0[4]     ; 11.019 ; 11.019 ; 11.019 ; 11.019 ;
; SW[3]      ; HEX0[5]     ; 10.800 ; 10.800 ; 10.800 ; 10.800 ;
; SW[3]      ; HEX0[6]     ; 10.806 ; 10.806 ; 10.806 ; 10.806 ;
; SW[3]      ; HEX1[0]     ; 12.506 ; 12.506 ; 12.506 ; 12.506 ;
; SW[3]      ; HEX1[1]     ; 12.528 ; 12.528 ; 12.528 ; 12.528 ;
; SW[3]      ; HEX1[2]     ; 12.502 ; 12.502 ; 12.502 ; 12.502 ;
; SW[3]      ; HEX1[3]     ; 12.679 ; 12.679 ; 12.679 ; 12.679 ;
; SW[3]      ; HEX1[4]     ; 12.338 ; 12.525 ; 12.525 ; 12.338 ;
; SW[3]      ; HEX1[5]     ; 12.517 ; 12.517 ; 12.517 ; 12.517 ;
; SW[3]      ; HEX1[6]     ; 12.521 ; 12.521 ; 12.521 ; 12.521 ;
; SW[3]      ; HEX4[0]     ; 9.484  ; 9.484  ; 9.484  ; 9.484  ;
; SW[3]      ; HEX4[1]     ; 9.508  ; 9.508  ; 9.508  ; 9.508  ;
; SW[3]      ; HEX4[2]     ; 9.509  ; 9.509  ; 9.509  ; 9.509  ;
; SW[3]      ; HEX4[3]     ; 9.496  ; 9.496  ; 9.496  ; 9.496  ;
; SW[3]      ; HEX4[4]     ;        ; 9.935  ; 9.935  ;        ;
; SW[3]      ; HEX4[5]     ; 9.998  ; 9.998  ; 9.998  ; 9.998  ;
; SW[3]      ; HEX4[6]     ; 9.500  ; 9.500  ; 9.500  ; 9.500  ;
; SW[8]      ; HEX0[0]     ; 14.680 ; 14.680 ; 14.680 ; 14.680 ;
; SW[8]      ; HEX0[1]     ; 14.512 ; 14.512 ; 14.512 ; 14.512 ;
; SW[8]      ; HEX0[2]     ; 14.706 ; 14.706 ; 14.706 ; 14.706 ;
; SW[8]      ; HEX0[3]     ; 14.503 ; 14.503 ; 14.503 ; 14.503 ;
; SW[8]      ; HEX0[4]     ; 14.712 ; 14.712 ; 14.712 ; 14.712 ;
; SW[8]      ; HEX0[5]     ; 14.493 ; 14.493 ; 14.493 ; 14.493 ;
; SW[8]      ; HEX0[6]     ; 14.499 ; 14.499 ; 14.499 ; 14.499 ;
; SW[8]      ; HEX1[0]     ; 16.238 ; 16.238 ; 16.238 ; 16.238 ;
; SW[8]      ; HEX1[1]     ; 16.260 ; 16.260 ; 16.260 ; 16.260 ;
; SW[8]      ; HEX1[2]     ; 16.234 ; 16.234 ; 16.234 ; 16.234 ;
; SW[8]      ; HEX1[3]     ; 16.411 ; 16.411 ; 16.411 ; 16.411 ;
; SW[8]      ; HEX1[4]     ; 16.257 ; 16.257 ; 16.257 ; 16.257 ;
; SW[8]      ; HEX1[5]     ; 16.249 ; 16.249 ; 16.249 ; 16.249 ;
; SW[8]      ; HEX1[6]     ; 16.253 ; 16.253 ; 16.253 ; 16.253 ;
; SW[8]      ; HEX6[0]     ; 10.137 ; 10.137 ; 10.137 ; 10.137 ;
; SW[8]      ; HEX6[1]     ; 9.887  ; 9.887  ; 9.887  ; 9.887  ;
; SW[8]      ; HEX6[2]     ;        ; 9.908  ; 9.908  ;        ;
; SW[8]      ; HEX6[3]     ; 10.176 ; 10.176 ; 10.176 ; 10.176 ;
; SW[8]      ; HEX6[4]     ; 9.888  ;        ;        ; 9.888  ;
; SW[8]      ; HEX6[5]     ; 10.145 ;        ;        ; 10.145 ;
; SW[8]      ; HEX6[6]     ; 10.138 ; 10.138 ; 10.138 ; 10.138 ;
; SW[9]      ; HEX0[0]     ; 14.146 ; 14.146 ; 14.146 ; 14.146 ;
; SW[9]      ; HEX0[1]     ; 13.978 ; 13.978 ; 13.978 ; 13.978 ;
; SW[9]      ; HEX0[2]     ; 14.172 ; 14.172 ; 14.172 ; 14.172 ;
; SW[9]      ; HEX0[3]     ; 13.969 ; 13.969 ; 13.969 ; 13.969 ;
; SW[9]      ; HEX0[4]     ; 14.178 ; 14.178 ; 14.178 ; 14.178 ;
; SW[9]      ; HEX0[5]     ; 13.959 ; 13.959 ; 13.959 ; 13.959 ;
; SW[9]      ; HEX0[6]     ; 13.965 ; 13.965 ; 13.965 ; 13.965 ;
; SW[9]      ; HEX1[0]     ; 15.704 ; 15.704 ; 15.704 ; 15.704 ;
; SW[9]      ; HEX1[1]     ; 15.726 ; 15.726 ; 15.726 ; 15.726 ;
; SW[9]      ; HEX1[2]     ; 15.700 ; 15.700 ; 15.700 ; 15.700 ;
; SW[9]      ; HEX1[3]     ; 15.877 ; 15.877 ; 15.877 ; 15.877 ;
; SW[9]      ; HEX1[4]     ; 15.723 ; 15.723 ; 15.723 ; 15.723 ;
; SW[9]      ; HEX1[5]     ; 15.715 ; 15.715 ; 15.715 ; 15.715 ;
; SW[9]      ; HEX1[6]     ; 15.719 ; 15.719 ; 15.719 ; 15.719 ;
; SW[9]      ; HEX6[0]     ; 10.194 ; 10.194 ; 10.194 ; 10.194 ;
; SW[9]      ; HEX6[1]     ; 9.961  ; 9.961  ; 9.961  ; 9.961  ;
; SW[9]      ; HEX6[2]     ; 9.965  ;        ;        ; 9.965  ;
; SW[9]      ; HEX6[3]     ; 10.233 ; 10.233 ; 10.233 ; 10.233 ;
; SW[9]      ; HEX6[4]     ;        ; 9.960  ; 9.960  ;        ;
; SW[9]      ; HEX6[5]     ; 10.201 ; 10.201 ; 10.201 ; 10.201 ;
; SW[9]      ; HEX6[6]     ; 10.211 ; 10.211 ; 10.211 ; 10.211 ;
; SW[10]     ; HEX0[0]     ; 14.333 ; 14.333 ; 14.333 ; 14.333 ;
; SW[10]     ; HEX0[1]     ; 14.165 ; 14.165 ; 14.165 ; 14.165 ;
; SW[10]     ; HEX0[2]     ; 14.359 ; 14.359 ; 14.359 ; 14.359 ;
; SW[10]     ; HEX0[3]     ; 14.156 ; 14.156 ; 14.156 ; 14.156 ;
; SW[10]     ; HEX0[4]     ; 14.365 ; 14.365 ; 14.365 ; 14.365 ;
; SW[10]     ; HEX0[5]     ; 14.146 ; 14.146 ; 14.146 ; 14.146 ;
; SW[10]     ; HEX0[6]     ; 14.152 ; 14.152 ; 14.152 ; 14.152 ;
; SW[10]     ; HEX1[0]     ; 15.891 ; 15.891 ; 15.891 ; 15.891 ;
; SW[10]     ; HEX1[1]     ; 15.913 ; 15.913 ; 15.913 ; 15.913 ;
; SW[10]     ; HEX1[2]     ; 15.887 ; 15.887 ; 15.887 ; 15.887 ;
; SW[10]     ; HEX1[3]     ; 16.064 ; 16.064 ; 16.064 ; 16.064 ;
; SW[10]     ; HEX1[4]     ; 15.910 ; 15.910 ; 15.910 ; 15.910 ;
; SW[10]     ; HEX1[5]     ; 15.902 ; 15.902 ; 15.902 ; 15.902 ;
; SW[10]     ; HEX1[6]     ; 15.906 ; 15.906 ; 15.906 ; 15.906 ;
; SW[10]     ; HEX6[0]     ; 9.759  ; 9.759  ; 9.759  ; 9.759  ;
; SW[10]     ; HEX6[1]     ; 9.504  ;        ;        ; 9.504  ;
; SW[10]     ; HEX6[2]     ; 9.531  ; 9.531  ; 9.531  ; 9.531  ;
; SW[10]     ; HEX6[3]     ; 9.795  ; 9.795  ; 9.795  ; 9.795  ;
; SW[10]     ; HEX6[4]     ; 9.507  ; 9.507  ; 9.507  ; 9.507  ;
; SW[10]     ; HEX6[5]     ; 9.767  ; 9.767  ; 9.767  ; 9.767  ;
; SW[10]     ; HEX6[6]     ; 9.758  ; 9.758  ; 9.758  ; 9.758  ;
; SW[11]     ; HEX0[0]     ; 13.318 ; 13.318 ; 13.318 ; 13.318 ;
; SW[11]     ; HEX0[1]     ; 13.150 ; 13.150 ; 13.150 ; 13.150 ;
; SW[11]     ; HEX0[2]     ; 13.344 ; 13.344 ; 13.344 ; 13.344 ;
; SW[11]     ; HEX0[3]     ; 13.141 ; 13.141 ; 13.141 ; 13.141 ;
; SW[11]     ; HEX0[4]     ; 13.350 ; 13.350 ; 13.350 ; 13.350 ;
; SW[11]     ; HEX0[5]     ; 13.131 ; 13.131 ; 13.131 ; 13.131 ;
; SW[11]     ; HEX0[6]     ; 13.137 ; 13.137 ; 13.137 ; 13.137 ;
; SW[11]     ; HEX1[0]     ; 14.876 ; 14.876 ; 14.876 ; 14.876 ;
; SW[11]     ; HEX1[1]     ; 14.898 ; 14.898 ; 14.898 ; 14.898 ;
; SW[11]     ; HEX1[2]     ; 14.872 ; 14.872 ; 14.872 ; 14.872 ;
; SW[11]     ; HEX1[3]     ; 15.049 ; 15.049 ; 15.049 ; 15.049 ;
; SW[11]     ; HEX1[4]     ; 14.895 ; 14.895 ; 14.895 ; 14.895 ;
; SW[11]     ; HEX1[5]     ; 14.887 ; 14.887 ; 14.887 ; 14.887 ;
; SW[11]     ; HEX1[6]     ; 14.891 ; 14.891 ; 14.891 ; 14.891 ;
; SW[11]     ; HEX6[0]     ; 10.258 ; 10.258 ; 10.258 ; 10.258 ;
; SW[11]     ; HEX6[1]     ; 9.999  ; 9.999  ; 9.999  ; 9.999  ;
; SW[11]     ; HEX6[2]     ; 10.028 ; 10.028 ; 10.028 ; 10.028 ;
; SW[11]     ; HEX6[3]     ; 10.298 ; 10.298 ; 10.298 ; 10.298 ;
; SW[11]     ; HEX6[4]     ;        ; 10.010 ; 10.010 ;        ;
; SW[11]     ; HEX6[5]     ; 10.266 ; 10.266 ; 10.266 ; 10.266 ;
; SW[11]     ; HEX6[6]     ; 10.258 ; 10.258 ; 10.258 ; 10.258 ;
+------------+-------------+--------+--------+--------+--------+


+--------------------------------------------------------------+
; Minimum Propagation Delay                                    ;
+------------+-------------+--------+--------+--------+--------+
; Input Port ; Output Port ; RR     ; RF     ; FR     ; FF     ;
+------------+-------------+--------+--------+--------+--------+
; SW[0]      ; HEX0[0]     ; 12.096 ; 12.096 ; 12.096 ; 12.096 ;
; SW[0]      ; HEX0[1]     ; 11.927 ; 11.927 ; 11.927 ; 11.927 ;
; SW[0]      ; HEX0[2]     ; 12.123 ; 12.111 ; 12.111 ; 12.123 ;
; SW[0]      ; HEX0[3]     ; 11.922 ; 11.922 ; 11.922 ; 11.922 ;
; SW[0]      ; HEX0[4]     ; 12.132 ; 12.132 ; 12.132 ; 12.132 ;
; SW[0]      ; HEX0[5]     ; 11.914 ; 11.914 ; 11.914 ; 11.914 ;
; SW[0]      ; HEX0[6]     ; 11.919 ; 11.919 ; 11.919 ; 11.919 ;
; SW[0]      ; HEX1[0]     ; 12.538 ; 12.538 ; 12.538 ; 12.538 ;
; SW[0]      ; HEX1[1]     ; 12.559 ; 12.559 ; 12.559 ; 12.559 ;
; SW[0]      ; HEX1[2]     ; 12.535 ; 12.535 ; 12.535 ; 12.535 ;
; SW[0]      ; HEX1[3]     ; 12.697 ; 12.697 ; 12.697 ; 12.697 ;
; SW[0]      ; HEX1[4]     ; 12.553 ; 12.553 ; 12.553 ; 12.553 ;
; SW[0]      ; HEX1[5]     ; 12.545 ; 12.545 ; 12.545 ; 12.545 ;
; SW[0]      ; HEX1[6]     ; 12.539 ; 12.539 ; 12.539 ; 12.539 ;
; SW[0]      ; HEX4[0]     ; 10.245 ; 10.245 ; 10.245 ; 10.245 ;
; SW[0]      ; HEX4[1]     ; 10.274 ; 10.274 ; 10.274 ; 10.274 ;
; SW[0]      ; HEX4[2]     ;        ; 10.249 ; 10.249 ;        ;
; SW[0]      ; HEX4[3]     ; 10.262 ; 10.262 ; 10.262 ; 10.262 ;
; SW[0]      ; HEX4[4]     ; 10.703 ;        ;        ; 10.703 ;
; SW[0]      ; HEX4[5]     ; 10.763 ;        ;        ; 10.763 ;
; SW[0]      ; HEX4[6]     ; 10.266 ; 10.266 ; 10.266 ; 10.266 ;
; SW[1]      ; HEX0[0]     ; 11.005 ; 11.005 ; 11.005 ; 11.005 ;
; SW[1]      ; HEX0[1]     ; 10.836 ; 10.836 ; 10.836 ; 10.836 ;
; SW[1]      ; HEX0[2]     ; 11.032 ; 11.032 ; 11.032 ; 11.032 ;
; SW[1]      ; HEX0[3]     ; 10.831 ; 10.831 ; 10.831 ; 10.831 ;
; SW[1]      ; HEX0[4]     ; 11.041 ; 11.041 ; 11.041 ; 11.041 ;
; SW[1]      ; HEX0[5]     ; 10.823 ; 10.823 ; 10.823 ; 10.823 ;
; SW[1]      ; HEX0[6]     ; 10.828 ; 10.828 ; 10.828 ; 10.828 ;
; SW[1]      ; HEX1[0]     ; 11.014 ; 11.014 ; 11.014 ; 11.014 ;
; SW[1]      ; HEX1[1]     ; 11.035 ; 11.035 ; 11.035 ; 11.035 ;
; SW[1]      ; HEX1[2]     ; 11.011 ; 11.011 ; 11.011 ; 11.011 ;
; SW[1]      ; HEX1[3]     ; 11.173 ; 11.173 ; 11.173 ; 11.173 ;
; SW[1]      ; HEX1[4]     ; 11.029 ; 11.029 ; 11.029 ; 11.029 ;
; SW[1]      ; HEX1[5]     ; 11.021 ; 11.021 ; 11.021 ; 11.021 ;
; SW[1]      ; HEX1[6]     ; 11.015 ; 11.015 ; 11.015 ; 11.015 ;
; SW[1]      ; HEX4[0]     ; 9.645  ; 9.645  ; 9.645  ; 9.645  ;
; SW[1]      ; HEX4[1]     ; 9.666  ; 9.666  ; 9.666  ; 9.666  ;
; SW[1]      ; HEX4[2]     ; 9.672  ;        ;        ; 9.672  ;
; SW[1]      ; HEX4[3]     ; 9.658  ; 9.658  ; 9.658  ; 9.658  ;
; SW[1]      ; HEX4[4]     ;        ; 10.098 ; 10.098 ;        ;
; SW[1]      ; HEX4[5]     ; 10.159 ; 10.159 ; 10.159 ; 10.159 ;
; SW[1]      ; HEX4[6]     ; 9.653  ; 9.653  ; 9.653  ; 9.653  ;
; SW[2]      ; HEX0[0]     ; 11.416 ; 11.416 ; 11.416 ; 11.416 ;
; SW[2]      ; HEX0[1]     ; 11.240 ; 11.240 ; 11.240 ; 11.240 ;
; SW[2]      ; HEX0[2]     ; 11.433 ; 11.433 ; 11.433 ; 11.433 ;
; SW[2]      ; HEX0[3]     ; 11.242 ; 11.242 ; 11.242 ; 11.242 ;
; SW[2]      ; HEX0[4]     ; 11.436 ; 11.436 ; 11.436 ; 11.436 ;
; SW[2]      ; HEX0[5]     ; 11.230 ; 11.230 ; 11.230 ; 11.230 ;
; SW[2]      ; HEX0[6]     ; 11.221 ; 11.221 ; 11.221 ; 11.221 ;
; SW[2]      ; HEX1[0]     ; 11.023 ; 11.023 ; 11.023 ; 11.023 ;
; SW[2]      ; HEX1[1]     ; 11.044 ; 11.044 ; 11.044 ; 11.044 ;
; SW[2]      ; HEX1[2]     ; 11.020 ; 11.020 ; 11.020 ; 11.020 ;
; SW[2]      ; HEX1[3]     ; 11.182 ; 11.182 ; 11.182 ; 11.182 ;
; SW[2]      ; HEX1[4]     ; 11.038 ; 11.038 ; 11.038 ; 11.038 ;
; SW[2]      ; HEX1[5]     ; 11.030 ; 11.030 ; 11.030 ; 11.030 ;
; SW[2]      ; HEX1[6]     ; 11.024 ; 11.024 ; 11.024 ; 11.024 ;
; SW[2]      ; HEX4[0]     ; 9.812  ; 9.812  ; 9.812  ; 9.812  ;
; SW[2]      ; HEX4[1]     ; 9.838  ;        ;        ; 9.838  ;
; SW[2]      ; HEX4[2]     ; 9.814  ; 9.814  ; 9.814  ; 9.814  ;
; SW[2]      ; HEX4[3]     ; 9.825  ; 9.825  ; 9.825  ; 9.825  ;
; SW[2]      ; HEX4[4]     ; 10.265 ; 10.265 ; 10.265 ; 10.265 ;
; SW[2]      ; HEX4[5]     ; 10.325 ; 10.325 ; 10.325 ; 10.325 ;
; SW[2]      ; HEX4[6]     ; 9.829  ; 9.829  ; 9.829  ; 9.829  ;
; SW[3]      ; HEX0[0]     ; 10.987 ; 10.987 ; 10.987 ; 10.987 ;
; SW[3]      ; HEX0[1]     ; 10.819 ; 10.819 ; 10.819 ; 10.819 ;
; SW[3]      ; HEX0[2]     ; 11.013 ; 11.013 ; 11.013 ; 11.013 ;
; SW[3]      ; HEX0[3]     ; 10.810 ; 10.810 ; 10.810 ; 10.810 ;
; SW[3]      ; HEX0[4]     ; 11.019 ; 11.019 ; 11.019 ; 11.019 ;
; SW[3]      ; HEX0[5]     ; 10.800 ; 10.800 ; 10.800 ; 10.800 ;
; SW[3]      ; HEX0[6]     ; 10.806 ; 10.806 ; 10.806 ; 10.806 ;
; SW[3]      ; HEX1[0]     ; 10.446 ; 10.446 ; 10.446 ; 10.446 ;
; SW[3]      ; HEX1[1]     ; 10.467 ; 10.467 ; 10.467 ; 10.467 ;
; SW[3]      ; HEX1[2]     ; 10.441 ; 10.441 ; 10.441 ; 10.441 ;
; SW[3]      ; HEX1[3]     ; 10.619 ; 10.619 ; 10.619 ; 10.619 ;
; SW[3]      ; HEX1[4]     ; 10.466 ; 10.466 ; 10.466 ; 10.466 ;
; SW[3]      ; HEX1[5]     ; 10.457 ; 10.457 ; 10.457 ; 10.457 ;
; SW[3]      ; HEX1[6]     ; 10.460 ; 10.460 ; 10.460 ; 10.460 ;
; SW[3]      ; HEX4[0]     ; 9.484  ; 9.484  ; 9.484  ; 9.484  ;
; SW[3]      ; HEX4[1]     ; 9.508  ; 9.508  ; 9.508  ; 9.508  ;
; SW[3]      ; HEX4[2]     ; 9.509  ; 9.509  ; 9.509  ; 9.509  ;
; SW[3]      ; HEX4[3]     ; 9.496  ; 9.496  ; 9.496  ; 9.496  ;
; SW[3]      ; HEX4[4]     ;        ; 9.935  ; 9.935  ;        ;
; SW[3]      ; HEX4[5]     ; 9.998  ; 9.998  ; 9.998  ; 9.998  ;
; SW[3]      ; HEX4[6]     ; 9.500  ; 9.500  ; 9.500  ; 9.500  ;
; SW[8]      ; HEX0[0]     ; 10.909 ; 10.909 ; 10.909 ; 10.909 ;
; SW[8]      ; HEX0[1]     ; 10.741 ; 10.741 ; 10.741 ; 10.741 ;
; SW[8]      ; HEX0[2]     ; 10.935 ; 10.935 ; 10.935 ; 10.935 ;
; SW[8]      ; HEX0[3]     ; 10.732 ; 10.732 ; 10.732 ; 10.732 ;
; SW[8]      ; HEX0[4]     ; 10.941 ; 10.941 ; 10.941 ; 10.941 ;
; SW[8]      ; HEX0[5]     ; 10.722 ; 10.722 ; 10.722 ; 10.722 ;
; SW[8]      ; HEX0[6]     ; 10.728 ; 10.728 ; 10.728 ; 10.728 ;
; SW[8]      ; HEX1[0]     ; 11.076 ; 11.076 ; 11.076 ; 11.076 ;
; SW[8]      ; HEX1[1]     ; 11.094 ; 11.094 ; 11.094 ; 11.094 ;
; SW[8]      ; HEX1[2]     ; 11.048 ; 11.048 ; 11.048 ; 11.048 ;
; SW[8]      ; HEX1[3]     ; 11.236 ; 11.236 ; 11.236 ; 11.236 ;
; SW[8]      ; HEX1[4]     ; 11.093 ; 11.093 ; 11.093 ; 11.093 ;
; SW[8]      ; HEX1[5]     ; 11.083 ; 11.083 ; 11.083 ; 11.083 ;
; SW[8]      ; HEX1[6]     ; 11.078 ; 11.078 ; 11.078 ; 11.078 ;
; SW[8]      ; HEX6[0]     ; 10.137 ; 10.137 ; 10.137 ; 10.137 ;
; SW[8]      ; HEX6[1]     ; 9.887  ; 9.887  ; 9.887  ; 9.887  ;
; SW[8]      ; HEX6[2]     ;        ; 9.908  ; 9.908  ;        ;
; SW[8]      ; HEX6[3]     ; 10.176 ; 10.176 ; 10.176 ; 10.176 ;
; SW[8]      ; HEX6[4]     ; 9.888  ;        ;        ; 9.888  ;
; SW[8]      ; HEX6[5]     ; 10.145 ;        ;        ; 10.145 ;
; SW[8]      ; HEX6[6]     ; 10.138 ; 10.138 ; 10.138 ; 10.138 ;
; SW[9]      ; HEX0[0]     ; 11.547 ; 11.547 ; 11.547 ; 11.547 ;
; SW[9]      ; HEX0[1]     ; 11.378 ; 11.378 ; 11.378 ; 11.378 ;
; SW[9]      ; HEX0[2]     ; 11.574 ; 11.574 ; 11.574 ; 11.574 ;
; SW[9]      ; HEX0[3]     ; 11.373 ; 11.373 ; 11.373 ; 11.373 ;
; SW[9]      ; HEX0[4]     ; 11.583 ; 11.583 ; 11.583 ; 11.583 ;
; SW[9]      ; HEX0[5]     ; 11.365 ; 11.365 ; 11.365 ; 11.365 ;
; SW[9]      ; HEX0[6]     ; 11.370 ; 11.370 ; 11.370 ; 11.370 ;
; SW[9]      ; HEX1[0]     ; 11.224 ; 11.224 ; 11.224 ; 11.224 ;
; SW[9]      ; HEX1[1]     ; 11.242 ; 11.242 ; 11.242 ; 11.242 ;
; SW[9]      ; HEX1[2]     ; 11.196 ; 11.196 ; 11.196 ; 11.196 ;
; SW[9]      ; HEX1[3]     ; 11.384 ; 11.384 ; 11.384 ; 11.384 ;
; SW[9]      ; HEX1[4]     ; 11.241 ; 11.241 ; 11.241 ; 11.241 ;
; SW[9]      ; HEX1[5]     ; 11.231 ; 11.231 ; 11.231 ; 11.231 ;
; SW[9]      ; HEX1[6]     ; 11.226 ; 11.226 ; 11.226 ; 11.226 ;
; SW[9]      ; HEX6[0]     ; 10.194 ; 10.194 ; 10.194 ; 10.194 ;
; SW[9]      ; HEX6[1]     ; 9.961  ; 9.961  ; 9.961  ; 9.961  ;
; SW[9]      ; HEX6[2]     ; 9.965  ;        ;        ; 9.965  ;
; SW[9]      ; HEX6[3]     ; 10.233 ; 10.233 ; 10.233 ; 10.233 ;
; SW[9]      ; HEX6[4]     ;        ; 9.960  ; 9.960  ;        ;
; SW[9]      ; HEX6[5]     ; 10.201 ; 10.201 ; 10.201 ; 10.201 ;
; SW[9]      ; HEX6[6]     ; 10.211 ; 10.211 ; 10.211 ; 10.211 ;
; SW[10]     ; HEX0[0]     ; 11.703 ; 11.703 ; 11.703 ; 11.703 ;
; SW[10]     ; HEX0[1]     ; 11.527 ; 11.527 ; 11.527 ; 11.527 ;
; SW[10]     ; HEX0[2]     ; 11.720 ; 11.720 ; 11.720 ; 11.720 ;
; SW[10]     ; HEX0[3]     ; 11.529 ; 11.529 ; 11.529 ; 11.529 ;
; SW[10]     ; HEX0[4]     ; 11.723 ; 11.723 ; 11.723 ; 11.723 ;
; SW[10]     ; HEX0[5]     ; 11.517 ; 11.517 ; 11.517 ; 11.517 ;
; SW[10]     ; HEX0[6]     ; 11.508 ; 11.508 ; 11.508 ; 11.508 ;
; SW[10]     ; HEX1[0]     ; 11.131 ; 11.131 ; 11.131 ; 11.131 ;
; SW[10]     ; HEX1[1]     ; 11.152 ; 11.152 ; 11.152 ; 11.152 ;
; SW[10]     ; HEX1[2]     ; 11.128 ; 11.128 ; 11.128 ; 11.128 ;
; SW[10]     ; HEX1[3]     ; 11.290 ; 11.290 ; 11.290 ; 11.290 ;
; SW[10]     ; HEX1[4]     ; 11.146 ; 11.146 ; 11.146 ; 11.146 ;
; SW[10]     ; HEX1[5]     ; 11.138 ; 11.138 ; 11.138 ; 11.138 ;
; SW[10]     ; HEX1[6]     ; 11.132 ; 11.132 ; 11.132 ; 11.132 ;
; SW[10]     ; HEX6[0]     ; 9.759  ; 9.759  ; 9.759  ; 9.759  ;
; SW[10]     ; HEX6[1]     ; 9.504  ;        ;        ; 9.504  ;
; SW[10]     ; HEX6[2]     ; 9.531  ; 9.531  ; 9.531  ; 9.531  ;
; SW[10]     ; HEX6[3]     ; 9.795  ; 9.795  ; 9.795  ; 9.795  ;
; SW[10]     ; HEX6[4]     ; 9.507  ; 9.507  ; 9.507  ; 9.507  ;
; SW[10]     ; HEX6[5]     ; 9.767  ; 9.767  ; 9.767  ; 9.767  ;
; SW[10]     ; HEX6[6]     ; 9.758  ; 9.758  ; 9.758  ; 9.758  ;
; SW[11]     ; HEX0[0]     ; 13.318 ; 13.318 ; 13.318 ; 13.318 ;
; SW[11]     ; HEX0[1]     ; 13.150 ; 13.150 ; 13.150 ; 13.150 ;
; SW[11]     ; HEX0[2]     ; 13.344 ; 13.344 ; 13.344 ; 13.344 ;
; SW[11]     ; HEX0[3]     ; 13.141 ; 13.141 ; 13.141 ; 13.141 ;
; SW[11]     ; HEX0[4]     ; 13.350 ; 13.350 ; 13.350 ; 13.350 ;
; SW[11]     ; HEX0[5]     ; 13.131 ; 13.131 ; 13.131 ; 13.131 ;
; SW[11]     ; HEX0[6]     ; 13.137 ; 13.137 ; 13.137 ; 13.137 ;
; SW[11]     ; HEX1[0]     ; 10.512 ; 10.512 ; 10.512 ; 10.512 ;
; SW[11]     ; HEX1[1]     ; 10.533 ; 10.533 ; 10.533 ; 10.533 ;
; SW[11]     ; HEX1[2]     ; 10.507 ; 10.507 ; 10.507 ; 10.507 ;
; SW[11]     ; HEX1[3]     ; 10.685 ; 10.685 ; 10.685 ; 10.685 ;
; SW[11]     ; HEX1[4]     ; 10.532 ; 10.532 ; 10.532 ; 10.532 ;
; SW[11]     ; HEX1[5]     ; 10.523 ; 10.523 ; 10.523 ; 10.523 ;
; SW[11]     ; HEX1[6]     ; 10.526 ; 10.526 ; 10.526 ; 10.526 ;
; SW[11]     ; HEX6[0]     ; 10.258 ; 10.258 ; 10.258 ; 10.258 ;
; SW[11]     ; HEX6[1]     ; 9.999  ; 9.999  ; 9.999  ; 9.999  ;
; SW[11]     ; HEX6[2]     ; 10.028 ; 10.028 ; 10.028 ; 10.028 ;
; SW[11]     ; HEX6[3]     ; 10.298 ; 10.298 ; 10.298 ; 10.298 ;
; SW[11]     ; HEX6[4]     ;        ; 10.010 ; 10.010 ;        ;
; SW[11]     ; HEX6[5]     ; 10.266 ; 10.266 ; 10.266 ; 10.266 ;
; SW[11]     ; HEX6[6]     ; 10.258 ; 10.258 ; 10.258 ; 10.258 ;
+------------+-------------+--------+--------+--------+--------+


----------------------------
; Fast Model Setup Summary ;
----------------------------
No paths to report.


---------------------------
; Fast Model Hold Summary ;
---------------------------
No paths to report.


-------------------------------
; Fast Model Recovery Summary ;
-------------------------------
No paths to report.


------------------------------
; Fast Model Removal Summary ;
------------------------------
No paths to report.


------------------------------------------
; Fast Model Minimum Pulse Width Summary ;
------------------------------------------
No paths to report.


+----------------------------------------------------------+
; Propagation Delay                                        ;
+------------+-------------+-------+-------+-------+-------+
; Input Port ; Output Port ; RR    ; RF    ; FR    ; FF    ;
+------------+-------------+-------+-------+-------+-------+
; SW[0]      ; HEX0[0]     ; 7.608 ; 7.608 ; 7.608 ; 7.608 ;
; SW[0]      ; HEX0[1]     ; 7.559 ; 7.559 ; 7.559 ; 7.559 ;
; SW[0]      ; HEX0[2]     ; 7.633 ; 7.633 ; 7.633 ; 7.633 ;
; SW[0]      ; HEX0[3]     ; 7.552 ; 7.552 ; 7.552 ; 7.552 ;
; SW[0]      ; HEX0[4]     ; 7.637 ; 7.637 ; 7.637 ; 7.637 ;
; SW[0]      ; HEX0[5]     ; 7.542 ; 7.542 ; 7.542 ; 7.542 ;
; SW[0]      ; HEX0[6]     ; 7.547 ; 7.547 ; 7.547 ; 7.547 ;
; SW[0]      ; HEX1[0]     ; 8.266 ; 8.266 ; 8.266 ; 8.266 ;
; SW[0]      ; HEX1[1]     ; 8.286 ; 8.286 ; 8.286 ; 8.286 ;
; SW[0]      ; HEX1[2]     ; 8.263 ; 8.263 ; 8.263 ; 8.263 ;
; SW[0]      ; HEX1[3]     ; 8.293 ; 8.293 ; 8.293 ; 8.293 ;
; SW[0]      ; HEX1[4]     ; 8.289 ; 8.289 ; 8.289 ; 8.289 ;
; SW[0]      ; HEX1[5]     ; 8.278 ; 8.278 ; 8.278 ; 8.278 ;
; SW[0]      ; HEX1[6]     ; 8.281 ; 8.281 ; 8.281 ; 8.281 ;
; SW[0]      ; HEX4[0]     ; 5.691 ; 5.691 ; 5.691 ; 5.691 ;
; SW[0]      ; HEX4[1]     ; 5.709 ; 5.709 ; 5.709 ; 5.709 ;
; SW[0]      ; HEX4[2]     ;       ; 5.709 ; 5.709 ;       ;
; SW[0]      ; HEX4[3]     ; 5.694 ; 5.694 ; 5.694 ; 5.694 ;
; SW[0]      ; HEX4[4]     ; 5.893 ;       ;       ; 5.893 ;
; SW[0]      ; HEX4[5]     ; 5.930 ;       ;       ; 5.930 ;
; SW[0]      ; HEX4[6]     ; 5.697 ; 5.697 ; 5.697 ; 5.697 ;
; SW[1]      ; HEX0[0]     ; 7.064 ; 7.064 ; 7.064 ; 7.064 ;
; SW[1]      ; HEX0[1]     ; 7.015 ; 7.015 ; 7.015 ; 7.015 ;
; SW[1]      ; HEX0[2]     ; 7.089 ; 7.089 ; 7.089 ; 7.089 ;
; SW[1]      ; HEX0[3]     ; 7.008 ; 7.008 ; 7.008 ; 7.008 ;
; SW[1]      ; HEX0[4]     ; 7.093 ; 7.093 ; 7.093 ; 7.093 ;
; SW[1]      ; HEX0[5]     ; 6.998 ; 6.998 ; 6.998 ; 6.998 ;
; SW[1]      ; HEX0[6]     ; 7.003 ; 7.003 ; 7.003 ; 7.003 ;
; SW[1]      ; HEX1[0]     ; 7.720 ; 7.720 ; 7.720 ; 7.720 ;
; SW[1]      ; HEX1[1]     ; 7.740 ; 7.740 ; 7.740 ; 7.740 ;
; SW[1]      ; HEX1[2]     ; 7.717 ; 7.717 ; 7.717 ; 7.717 ;
; SW[1]      ; HEX1[3]     ; 7.747 ; 7.747 ; 7.747 ; 7.747 ;
; SW[1]      ; HEX1[4]     ; 7.743 ; 7.743 ; 7.743 ; 7.743 ;
; SW[1]      ; HEX1[5]     ; 7.732 ; 7.732 ; 7.732 ; 7.732 ;
; SW[1]      ; HEX1[6]     ; 7.735 ; 7.735 ; 7.735 ; 7.735 ;
; SW[1]      ; HEX4[0]     ; 5.402 ; 5.402 ; 5.402 ; 5.402 ;
; SW[1]      ; HEX4[1]     ; 5.422 ; 5.422 ; 5.422 ; 5.422 ;
; SW[1]      ; HEX4[2]     ; 5.425 ;       ;       ; 5.425 ;
; SW[1]      ; HEX4[3]     ; 5.413 ; 5.413 ; 5.413 ; 5.413 ;
; SW[1]      ; HEX4[4]     ;       ; 5.607 ; 5.607 ;       ;
; SW[1]      ; HEX4[5]     ; 5.642 ; 5.642 ; 5.642 ; 5.642 ;
; SW[1]      ; HEX4[6]     ; 5.413 ; 5.413 ; 5.413 ; 5.413 ;
; SW[2]      ; HEX0[0]     ; 6.693 ; 6.693 ; 6.693 ; 6.693 ;
; SW[2]      ; HEX0[1]     ; 6.644 ; 6.644 ; 6.644 ; 6.644 ;
; SW[2]      ; HEX0[2]     ; 6.718 ; 6.718 ; 6.718 ; 6.718 ;
; SW[2]      ; HEX0[3]     ; 6.637 ; 6.637 ; 6.637 ; 6.637 ;
; SW[2]      ; HEX0[4]     ; 6.722 ; 6.722 ; 6.722 ; 6.722 ;
; SW[2]      ; HEX0[5]     ; 6.627 ; 6.627 ; 6.627 ; 6.627 ;
; SW[2]      ; HEX0[6]     ; 6.632 ; 6.632 ; 6.632 ; 6.632 ;
; SW[2]      ; HEX1[0]     ; 7.348 ; 7.348 ; 7.348 ; 7.348 ;
; SW[2]      ; HEX1[1]     ; 7.368 ; 7.368 ; 7.368 ; 7.368 ;
; SW[2]      ; HEX1[2]     ; 7.345 ; 7.345 ; 7.345 ; 7.345 ;
; SW[2]      ; HEX1[3]     ; 7.375 ; 7.375 ; 7.375 ; 7.375 ;
; SW[2]      ; HEX1[4]     ; 7.371 ; 7.371 ; 7.371 ; 7.371 ;
; SW[2]      ; HEX1[5]     ; 7.360 ; 7.360 ; 7.360 ; 7.360 ;
; SW[2]      ; HEX1[6]     ; 7.363 ; 7.363 ; 7.363 ; 7.363 ;
; SW[2]      ; HEX4[0]     ; 5.460 ; 5.460 ; 5.460 ; 5.460 ;
; SW[2]      ; HEX4[1]     ; 5.484 ;       ;       ; 5.484 ;
; SW[2]      ; HEX4[2]     ; 5.490 ; 5.490 ; 5.490 ; 5.490 ;
; SW[2]      ; HEX4[3]     ; 5.471 ; 5.471 ; 5.471 ; 5.471 ;
; SW[2]      ; HEX4[4]     ; 5.666 ; 5.666 ; 5.666 ; 5.666 ;
; SW[2]      ; HEX4[5]     ; 5.707 ; 5.707 ; 5.707 ; 5.707 ;
; SW[2]      ; HEX4[6]     ; 5.475 ; 5.475 ; 5.475 ; 5.475 ;
; SW[3]      ; HEX0[0]     ; 5.960 ; 5.960 ; 5.960 ; 5.960 ;
; SW[3]      ; HEX0[1]     ; 5.911 ; 5.911 ; 5.911 ; 5.911 ;
; SW[3]      ; HEX0[2]     ; 5.985 ; 5.985 ; 5.985 ; 5.985 ;
; SW[3]      ; HEX0[3]     ; 5.904 ; 5.904 ; 5.904 ; 5.904 ;
; SW[3]      ; HEX0[4]     ; 5.989 ; 5.989 ; 5.989 ; 5.989 ;
; SW[3]      ; HEX0[5]     ; 5.894 ; 5.894 ; 5.894 ; 5.894 ;
; SW[3]      ; HEX0[6]     ; 5.899 ; 5.899 ; 5.899 ; 5.899 ;
; SW[3]      ; HEX1[0]     ; 6.617 ; 6.617 ; 6.617 ; 6.617 ;
; SW[3]      ; HEX1[1]     ; 6.637 ; 6.637 ; 6.637 ; 6.637 ;
; SW[3]      ; HEX1[2]     ; 6.614 ; 6.614 ; 6.614 ; 6.614 ;
; SW[3]      ; HEX1[3]     ; 6.644 ; 6.644 ; 6.644 ; 6.644 ;
; SW[3]      ; HEX1[4]     ; 6.557 ; 6.640 ; 6.640 ; 6.557 ;
; SW[3]      ; HEX1[5]     ; 6.629 ; 6.629 ; 6.629 ; 6.629 ;
; SW[3]      ; HEX1[6]     ; 6.632 ; 6.632 ; 6.632 ; 6.632 ;
; SW[3]      ; HEX4[0]     ; 5.315 ; 5.315 ; 5.315 ; 5.315 ;
; SW[3]      ; HEX4[1]     ; 5.337 ; 5.337 ; 5.337 ; 5.337 ;
; SW[3]      ; HEX4[2]     ; 5.336 ; 5.336 ; 5.336 ; 5.336 ;
; SW[3]      ; HEX4[3]     ; 5.324 ; 5.324 ; 5.324 ; 5.324 ;
; SW[3]      ; HEX4[4]     ;       ; 5.518 ; 5.518 ;       ;
; SW[3]      ; HEX4[5]     ; 5.555 ; 5.555 ; 5.555 ; 5.555 ;
; SW[3]      ; HEX4[6]     ; 5.328 ; 5.328 ; 5.328 ; 5.328 ;
; SW[8]      ; HEX0[0]     ; 7.587 ; 7.587 ; 7.587 ; 7.587 ;
; SW[8]      ; HEX0[1]     ; 7.538 ; 7.538 ; 7.538 ; 7.538 ;
; SW[8]      ; HEX0[2]     ; 7.612 ; 7.612 ; 7.612 ; 7.612 ;
; SW[8]      ; HEX0[3]     ; 7.531 ; 7.531 ; 7.531 ; 7.531 ;
; SW[8]      ; HEX0[4]     ; 7.616 ; 7.616 ; 7.616 ; 7.616 ;
; SW[8]      ; HEX0[5]     ; 7.521 ; 7.521 ; 7.521 ; 7.521 ;
; SW[8]      ; HEX0[6]     ; 7.526 ; 7.526 ; 7.526 ; 7.526 ;
; SW[8]      ; HEX1[0]     ; 8.245 ; 8.245 ; 8.245 ; 8.245 ;
; SW[8]      ; HEX1[1]     ; 8.265 ; 8.265 ; 8.265 ; 8.265 ;
; SW[8]      ; HEX1[2]     ; 8.242 ; 8.242 ; 8.242 ; 8.242 ;
; SW[8]      ; HEX1[3]     ; 8.272 ; 8.272 ; 8.272 ; 8.272 ;
; SW[8]      ; HEX1[4]     ; 8.268 ; 8.268 ; 8.268 ; 8.268 ;
; SW[8]      ; HEX1[5]     ; 8.257 ; 8.257 ; 8.257 ; 8.257 ;
; SW[8]      ; HEX1[6]     ; 8.260 ; 8.260 ; 8.260 ; 8.260 ;
; SW[8]      ; HEX6[0]     ; 5.616 ; 5.616 ; 5.616 ; 5.616 ;
; SW[8]      ; HEX6[1]     ; 5.499 ; 5.499 ; 5.499 ; 5.499 ;
; SW[8]      ; HEX6[2]     ;       ; 5.518 ; 5.518 ;       ;
; SW[8]      ; HEX6[3]     ; 5.637 ; 5.637 ; 5.637 ; 5.637 ;
; SW[8]      ; HEX6[4]     ; 5.502 ;       ;       ; 5.502 ;
; SW[8]      ; HEX6[5]     ; 5.625 ;       ;       ; 5.625 ;
; SW[8]      ; HEX6[6]     ; 5.619 ; 5.619 ; 5.619 ; 5.619 ;
; SW[9]      ; HEX0[0]     ; 7.362 ; 7.362 ; 7.362 ; 7.362 ;
; SW[9]      ; HEX0[1]     ; 7.313 ; 7.313 ; 7.313 ; 7.313 ;
; SW[9]      ; HEX0[2]     ; 7.387 ; 7.387 ; 7.387 ; 7.387 ;
; SW[9]      ; HEX0[3]     ; 7.306 ; 7.306 ; 7.306 ; 7.306 ;
; SW[9]      ; HEX0[4]     ; 7.391 ; 7.391 ; 7.391 ; 7.391 ;
; SW[9]      ; HEX0[5]     ; 7.296 ; 7.296 ; 7.296 ; 7.296 ;
; SW[9]      ; HEX0[6]     ; 7.301 ; 7.301 ; 7.301 ; 7.301 ;
; SW[9]      ; HEX1[0]     ; 8.020 ; 8.020 ; 8.020 ; 8.020 ;
; SW[9]      ; HEX1[1]     ; 8.040 ; 8.040 ; 8.040 ; 8.040 ;
; SW[9]      ; HEX1[2]     ; 8.017 ; 8.017 ; 8.017 ; 8.017 ;
; SW[9]      ; HEX1[3]     ; 8.047 ; 8.047 ; 8.047 ; 8.047 ;
; SW[9]      ; HEX1[4]     ; 8.043 ; 8.043 ; 8.043 ; 8.043 ;
; SW[9]      ; HEX1[5]     ; 8.032 ; 8.032 ; 8.032 ; 8.032 ;
; SW[9]      ; HEX1[6]     ; 8.035 ; 8.035 ; 8.035 ; 8.035 ;
; SW[9]      ; HEX6[0]     ; 5.661 ; 5.661 ; 5.661 ; 5.661 ;
; SW[9]      ; HEX6[1]     ; 5.558 ; 5.558 ; 5.558 ; 5.558 ;
; SW[9]      ; HEX6[2]     ; 5.563 ;       ;       ; 5.563 ;
; SW[9]      ; HEX6[3]     ; 5.682 ; 5.682 ; 5.682 ; 5.682 ;
; SW[9]      ; HEX6[4]     ;       ; 5.557 ; 5.557 ;       ;
; SW[9]      ; HEX6[5]     ; 5.670 ; 5.670 ; 5.670 ; 5.670 ;
; SW[9]      ; HEX6[6]     ; 5.678 ; 5.678 ; 5.678 ; 5.678 ;
; SW[10]     ; HEX0[0]     ; 7.401 ; 7.401 ; 7.401 ; 7.401 ;
; SW[10]     ; HEX0[1]     ; 7.352 ; 7.352 ; 7.352 ; 7.352 ;
; SW[10]     ; HEX0[2]     ; 7.426 ; 7.426 ; 7.426 ; 7.426 ;
; SW[10]     ; HEX0[3]     ; 7.345 ; 7.345 ; 7.345 ; 7.345 ;
; SW[10]     ; HEX0[4]     ; 7.430 ; 7.430 ; 7.430 ; 7.430 ;
; SW[10]     ; HEX0[5]     ; 7.335 ; 7.335 ; 7.335 ; 7.335 ;
; SW[10]     ; HEX0[6]     ; 7.340 ; 7.340 ; 7.340 ; 7.340 ;
; SW[10]     ; HEX1[0]     ; 8.059 ; 8.059 ; 8.059 ; 8.059 ;
; SW[10]     ; HEX1[1]     ; 8.079 ; 8.079 ; 8.079 ; 8.079 ;
; SW[10]     ; HEX1[2]     ; 8.056 ; 8.056 ; 8.056 ; 8.056 ;
; SW[10]     ; HEX1[3]     ; 8.086 ; 8.086 ; 8.086 ; 8.086 ;
; SW[10]     ; HEX1[4]     ; 8.082 ; 8.082 ; 8.082 ; 8.082 ;
; SW[10]     ; HEX1[5]     ; 8.071 ; 8.071 ; 8.071 ; 8.071 ;
; SW[10]     ; HEX1[6]     ; 8.074 ; 8.074 ; 8.074 ; 8.074 ;
; SW[10]     ; HEX6[0]     ; 5.433 ; 5.433 ; 5.433 ; 5.433 ;
; SW[10]     ; HEX6[1]     ; 5.311 ;       ;       ; 5.311 ;
; SW[10]     ; HEX6[2]     ; 5.332 ; 5.332 ; 5.332 ; 5.332 ;
; SW[10]     ; HEX6[3]     ; 5.454 ; 5.454 ; 5.454 ; 5.454 ;
; SW[10]     ; HEX6[4]     ; 5.315 ; 5.315 ; 5.315 ; 5.315 ;
; SW[10]     ; HEX6[5]     ; 5.438 ; 5.438 ; 5.438 ; 5.438 ;
; SW[10]     ; HEX6[6]     ; 5.432 ; 5.432 ; 5.432 ; 5.432 ;
; SW[11]     ; HEX0[0]     ; 6.964 ; 6.964 ; 6.964 ; 6.964 ;
; SW[11]     ; HEX0[1]     ; 6.915 ; 6.915 ; 6.915 ; 6.915 ;
; SW[11]     ; HEX0[2]     ; 6.989 ; 6.989 ; 6.989 ; 6.989 ;
; SW[11]     ; HEX0[3]     ; 6.908 ; 6.908 ; 6.908 ; 6.908 ;
; SW[11]     ; HEX0[4]     ; 6.993 ; 6.993 ; 6.993 ; 6.993 ;
; SW[11]     ; HEX0[5]     ; 6.898 ; 6.898 ; 6.898 ; 6.898 ;
; SW[11]     ; HEX0[6]     ; 6.903 ; 6.903 ; 6.903 ; 6.903 ;
; SW[11]     ; HEX1[0]     ; 7.622 ; 7.622 ; 7.622 ; 7.622 ;
; SW[11]     ; HEX1[1]     ; 7.642 ; 7.642 ; 7.642 ; 7.642 ;
; SW[11]     ; HEX1[2]     ; 7.619 ; 7.619 ; 7.619 ; 7.619 ;
; SW[11]     ; HEX1[3]     ; 7.649 ; 7.649 ; 7.649 ; 7.649 ;
; SW[11]     ; HEX1[4]     ; 7.645 ; 7.645 ; 7.645 ; 7.645 ;
; SW[11]     ; HEX1[5]     ; 7.634 ; 7.634 ; 7.634 ; 7.634 ;
; SW[11]     ; HEX1[6]     ; 7.637 ; 7.637 ; 7.637 ; 7.637 ;
; SW[11]     ; HEX6[0]     ; 5.650 ; 5.650 ; 5.650 ; 5.650 ;
; SW[11]     ; HEX6[1]     ; 5.527 ; 5.527 ; 5.527 ; 5.527 ;
; SW[11]     ; HEX6[2]     ; 5.552 ; 5.552 ; 5.552 ; 5.552 ;
; SW[11]     ; HEX6[3]     ; 5.671 ; 5.671 ; 5.671 ; 5.671 ;
; SW[11]     ; HEX6[4]     ;       ; 5.534 ; 5.534 ;       ;
; SW[11]     ; HEX6[5]     ; 5.659 ; 5.659 ; 5.659 ; 5.659 ;
; SW[11]     ; HEX6[6]     ; 5.652 ; 5.652 ; 5.652 ; 5.652 ;
+------------+-------------+-------+-------+-------+-------+


+----------------------------------------------------------+
; Minimum Propagation Delay                                ;
+------------+-------------+-------+-------+-------+-------+
; Input Port ; Output Port ; RR    ; RF    ; FR    ; FF    ;
+------------+-------------+-------+-------+-------+-------+
; SW[0]      ; HEX0[0]     ; 6.489 ; 6.489 ; 6.489 ; 6.489 ;
; SW[0]      ; HEX0[1]     ; 6.436 ; 6.436 ; 6.436 ; 6.436 ;
; SW[0]      ; HEX0[2]     ; 6.510 ; 6.510 ; 6.510 ; 6.510 ;
; SW[0]      ; HEX0[3]     ; 6.433 ; 6.433 ; 6.433 ; 6.433 ;
; SW[0]      ; HEX0[4]     ; 6.517 ; 6.517 ; 6.517 ; 6.517 ;
; SW[0]      ; HEX0[5]     ; 6.424 ; 6.424 ; 6.424 ; 6.424 ;
; SW[0]      ; HEX0[6]     ; 6.425 ; 6.425 ; 6.425 ; 6.425 ;
; SW[0]      ; HEX1[0]     ; 6.688 ; 6.688 ; 6.688 ; 6.688 ;
; SW[0]      ; HEX1[1]     ; 6.710 ; 6.710 ; 6.710 ; 6.710 ;
; SW[0]      ; HEX1[2]     ; 6.687 ; 6.687 ; 6.687 ; 6.687 ;
; SW[0]      ; HEX1[3]     ; 6.701 ; 6.701 ; 6.701 ; 6.701 ;
; SW[0]      ; HEX1[4]     ; 6.706 ; 6.706 ; 6.706 ; 6.706 ;
; SW[0]      ; HEX1[5]     ; 6.696 ; 6.696 ; 6.696 ; 6.696 ;
; SW[0]      ; HEX1[6]     ; 6.690 ; 6.690 ; 6.690 ; 6.690 ;
; SW[0]      ; HEX4[0]     ; 5.691 ; 5.691 ; 5.691 ; 5.691 ;
; SW[0]      ; HEX4[1]     ; 5.709 ; 5.709 ; 5.709 ; 5.709 ;
; SW[0]      ; HEX4[2]     ;       ; 5.709 ; 5.709 ;       ;
; SW[0]      ; HEX4[3]     ; 5.694 ; 5.694 ; 5.694 ; 5.694 ;
; SW[0]      ; HEX4[4]     ; 5.893 ;       ;       ; 5.893 ;
; SW[0]      ; HEX4[5]     ; 5.930 ;       ;       ; 5.930 ;
; SW[0]      ; HEX4[6]     ; 5.697 ; 5.697 ; 5.697 ; 5.697 ;
; SW[1]      ; HEX0[0]     ; 5.968 ; 5.968 ; 5.968 ; 5.968 ;
; SW[1]      ; HEX0[1]     ; 5.915 ; 5.915 ; 5.915 ; 5.915 ;
; SW[1]      ; HEX0[2]     ; 5.989 ; 5.989 ; 5.989 ; 5.989 ;
; SW[1]      ; HEX0[3]     ; 5.912 ; 5.912 ; 5.912 ; 5.912 ;
; SW[1]      ; HEX0[4]     ; 5.996 ; 5.996 ; 5.996 ; 5.996 ;
; SW[1]      ; HEX0[5]     ; 5.903 ; 5.903 ; 5.903 ; 5.903 ;
; SW[1]      ; HEX0[6]     ; 5.904 ; 5.904 ; 5.904 ; 5.904 ;
; SW[1]      ; HEX1[0]     ; 5.985 ; 5.985 ; 5.985 ; 5.985 ;
; SW[1]      ; HEX1[1]     ; 6.007 ; 6.007 ; 6.007 ; 6.007 ;
; SW[1]      ; HEX1[2]     ; 5.984 ; 5.984 ; 5.984 ; 5.984 ;
; SW[1]      ; HEX1[3]     ; 5.998 ; 5.998 ; 5.998 ; 5.998 ;
; SW[1]      ; HEX1[4]     ; 6.003 ; 6.003 ; 6.003 ; 6.003 ;
; SW[1]      ; HEX1[5]     ; 5.993 ; 5.993 ; 5.993 ; 5.993 ;
; SW[1]      ; HEX1[6]     ; 5.987 ; 5.987 ; 5.987 ; 5.987 ;
; SW[1]      ; HEX4[0]     ; 5.402 ; 5.402 ; 5.402 ; 5.402 ;
; SW[1]      ; HEX4[1]     ; 5.422 ; 5.422 ; 5.422 ; 5.422 ;
; SW[1]      ; HEX4[2]     ; 5.425 ;       ;       ; 5.425 ;
; SW[1]      ; HEX4[3]     ; 5.413 ; 5.413 ; 5.413 ; 5.413 ;
; SW[1]      ; HEX4[4]     ;       ; 5.607 ; 5.607 ;       ;
; SW[1]      ; HEX4[5]     ; 5.642 ; 5.642 ; 5.642 ; 5.642 ;
; SW[1]      ; HEX4[6]     ; 5.413 ; 5.413 ; 5.413 ; 5.413 ;
; SW[2]      ; HEX0[0]     ; 6.155 ; 6.155 ; 6.155 ; 6.155 ;
; SW[2]      ; HEX0[1]     ; 6.098 ; 6.098 ; 6.098 ; 6.098 ;
; SW[2]      ; HEX0[2]     ; 6.174 ; 6.174 ; 6.174 ; 6.174 ;
; SW[2]      ; HEX0[3]     ; 6.102 ; 6.102 ; 6.102 ; 6.102 ;
; SW[2]      ; HEX0[4]     ; 6.172 ; 6.172 ; 6.172 ; 6.172 ;
; SW[2]      ; HEX0[5]     ; 6.093 ; 6.093 ; 6.093 ; 6.093 ;
; SW[2]      ; HEX0[6]     ; 6.080 ; 6.080 ; 6.080 ; 6.080 ;
; SW[2]      ; HEX1[0]     ; 5.984 ; 5.984 ; 5.984 ; 5.984 ;
; SW[2]      ; HEX1[1]     ; 6.006 ; 6.006 ; 6.006 ; 6.006 ;
; SW[2]      ; HEX1[2]     ; 5.983 ; 5.983 ; 5.983 ; 5.983 ;
; SW[2]      ; HEX1[3]     ; 5.997 ; 5.997 ; 5.997 ; 5.997 ;
; SW[2]      ; HEX1[4]     ; 6.002 ; 6.002 ; 6.002 ; 6.002 ;
; SW[2]      ; HEX1[5]     ; 5.992 ; 5.992 ; 5.992 ; 5.992 ;
; SW[2]      ; HEX1[6]     ; 5.986 ; 5.986 ; 5.986 ; 5.986 ;
; SW[2]      ; HEX4[0]     ; 5.460 ; 5.460 ; 5.460 ; 5.460 ;
; SW[2]      ; HEX4[1]     ; 5.484 ;       ;       ; 5.484 ;
; SW[2]      ; HEX4[2]     ; 5.490 ; 5.490 ; 5.490 ; 5.490 ;
; SW[2]      ; HEX4[3]     ; 5.471 ; 5.471 ; 5.471 ; 5.471 ;
; SW[2]      ; HEX4[4]     ; 5.666 ; 5.666 ; 5.666 ; 5.666 ;
; SW[2]      ; HEX4[5]     ; 5.707 ; 5.707 ; 5.707 ; 5.707 ;
; SW[2]      ; HEX4[6]     ; 5.475 ; 5.475 ; 5.475 ; 5.475 ;
; SW[3]      ; HEX0[0]     ; 5.960 ; 5.960 ; 5.960 ; 5.960 ;
; SW[3]      ; HEX0[1]     ; 5.911 ; 5.911 ; 5.911 ; 5.911 ;
; SW[3]      ; HEX0[2]     ; 5.985 ; 5.985 ; 5.985 ; 5.985 ;
; SW[3]      ; HEX0[3]     ; 5.904 ; 5.904 ; 5.904 ; 5.904 ;
; SW[3]      ; HEX0[4]     ; 5.989 ; 5.989 ; 5.989 ; 5.989 ;
; SW[3]      ; HEX0[5]     ; 5.894 ; 5.894 ; 5.894 ; 5.894 ;
; SW[3]      ; HEX0[6]     ; 5.899 ; 5.899 ; 5.899 ; 5.899 ;
; SW[3]      ; HEX1[0]     ; 5.729 ; 5.729 ; 5.729 ; 5.729 ;
; SW[3]      ; HEX1[1]     ; 5.749 ; 5.749 ; 5.749 ; 5.749 ;
; SW[3]      ; HEX1[2]     ; 5.726 ; 5.726 ; 5.726 ; 5.726 ;
; SW[3]      ; HEX1[3]     ; 5.756 ; 5.756 ; 5.756 ; 5.756 ;
; SW[3]      ; HEX1[4]     ; 5.751 ; 5.751 ; 5.751 ; 5.751 ;
; SW[3]      ; HEX1[5]     ; 5.740 ; 5.740 ; 5.740 ; 5.740 ;
; SW[3]      ; HEX1[6]     ; 5.744 ; 5.744 ; 5.744 ; 5.744 ;
; SW[3]      ; HEX4[0]     ; 5.315 ; 5.315 ; 5.315 ; 5.315 ;
; SW[3]      ; HEX4[1]     ; 5.337 ; 5.337 ; 5.337 ; 5.337 ;
; SW[3]      ; HEX4[2]     ; 5.336 ; 5.336 ; 5.336 ; 5.336 ;
; SW[3]      ; HEX4[3]     ; 5.324 ; 5.324 ; 5.324 ; 5.324 ;
; SW[3]      ; HEX4[4]     ;       ; 5.518 ; 5.518 ;       ;
; SW[3]      ; HEX4[5]     ; 5.555 ; 5.555 ; 5.555 ; 5.555 ;
; SW[3]      ; HEX4[6]     ; 5.328 ; 5.328 ; 5.328 ; 5.328 ;
; SW[8]      ; HEX0[0]     ; 5.926 ; 5.926 ; 5.926 ; 5.926 ;
; SW[8]      ; HEX0[1]     ; 5.877 ; 5.877 ; 5.877 ; 5.877 ;
; SW[8]      ; HEX0[2]     ; 5.951 ; 5.951 ; 5.951 ; 5.951 ;
; SW[8]      ; HEX0[3]     ; 5.870 ; 5.870 ; 5.870 ; 5.870 ;
; SW[8]      ; HEX0[4]     ; 5.955 ; 5.955 ; 5.955 ; 5.955 ;
; SW[8]      ; HEX0[5]     ; 5.860 ; 5.860 ; 5.860 ; 5.860 ;
; SW[8]      ; HEX0[6]     ; 5.865 ; 5.865 ; 5.865 ; 5.865 ;
; SW[8]      ; HEX1[0]     ; 6.026 ; 6.026 ; 6.026 ; 6.026 ;
; SW[8]      ; HEX1[1]     ; 6.047 ; 6.047 ; 6.047 ; 6.047 ;
; SW[8]      ; HEX1[2]     ; 6.024 ; 6.024 ; 6.024 ; 6.024 ;
; SW[8]      ; HEX1[3]     ; 6.041 ; 6.041 ; 6.041 ; 6.041 ;
; SW[8]      ; HEX1[4]     ; 6.048 ; 6.048 ; 6.048 ; 6.048 ;
; SW[8]      ; HEX1[5]     ; 6.034 ; 6.034 ; 6.034 ; 6.034 ;
; SW[8]      ; HEX1[6]     ; 6.028 ; 6.028 ; 6.028 ; 6.028 ;
; SW[8]      ; HEX6[0]     ; 5.616 ; 5.616 ; 5.616 ; 5.616 ;
; SW[8]      ; HEX6[1]     ; 5.499 ; 5.499 ; 5.499 ; 5.499 ;
; SW[8]      ; HEX6[2]     ;       ; 5.518 ; 5.518 ;       ;
; SW[8]      ; HEX6[3]     ; 5.637 ; 5.637 ; 5.637 ; 5.637 ;
; SW[8]      ; HEX6[4]     ; 5.502 ;       ;       ; 5.502 ;
; SW[8]      ; HEX6[5]     ; 5.625 ;       ;       ; 5.625 ;
; SW[8]      ; HEX6[6]     ; 5.619 ; 5.619 ; 5.619 ; 5.619 ;
; SW[9]      ; HEX0[0]     ; 6.249 ; 6.249 ; 6.249 ; 6.249 ;
; SW[9]      ; HEX0[1]     ; 6.196 ; 6.196 ; 6.196 ; 6.196 ;
; SW[9]      ; HEX0[2]     ; 6.270 ; 6.270 ; 6.270 ; 6.270 ;
; SW[9]      ; HEX0[3]     ; 6.193 ; 6.193 ; 6.193 ; 6.193 ;
; SW[9]      ; HEX0[4]     ; 6.277 ; 6.277 ; 6.277 ; 6.277 ;
; SW[9]      ; HEX0[5]     ; 6.184 ; 6.184 ; 6.184 ; 6.184 ;
; SW[9]      ; HEX0[6]     ; 6.185 ; 6.185 ; 6.185 ; 6.185 ;
; SW[9]      ; HEX1[0]     ; 6.067 ; 6.067 ; 6.067 ; 6.067 ;
; SW[9]      ; HEX1[1]     ; 6.088 ; 6.088 ; 6.088 ; 6.088 ;
; SW[9]      ; HEX1[2]     ; 6.065 ; 6.065 ; 6.065 ; 6.065 ;
; SW[9]      ; HEX1[3]     ; 6.082 ; 6.082 ; 6.082 ; 6.082 ;
; SW[9]      ; HEX1[4]     ; 6.089 ; 6.089 ; 6.089 ; 6.089 ;
; SW[9]      ; HEX1[5]     ; 6.075 ; 6.075 ; 6.075 ; 6.075 ;
; SW[9]      ; HEX1[6]     ; 6.069 ; 6.069 ; 6.069 ; 6.069 ;
; SW[9]      ; HEX6[0]     ; 5.661 ; 5.661 ; 5.661 ; 5.661 ;
; SW[9]      ; HEX6[1]     ; 5.558 ; 5.558 ; 5.558 ; 5.558 ;
; SW[9]      ; HEX6[2]     ; 5.563 ;       ;       ; 5.563 ;
; SW[9]      ; HEX6[3]     ; 5.682 ; 5.682 ; 5.682 ; 5.682 ;
; SW[9]      ; HEX6[4]     ;       ; 5.557 ; 5.557 ;       ;
; SW[9]      ; HEX6[5]     ; 5.670 ; 5.670 ; 5.670 ; 5.670 ;
; SW[9]      ; HEX6[6]     ; 5.678 ; 5.678 ; 5.678 ; 5.678 ;
; SW[10]     ; HEX0[0]     ; 6.245 ; 6.245 ; 6.245 ; 6.245 ;
; SW[10]     ; HEX0[1]     ; 6.188 ; 6.188 ; 6.188 ; 6.188 ;
; SW[10]     ; HEX0[2]     ; 6.264 ; 6.264 ; 6.264 ; 6.264 ;
; SW[10]     ; HEX0[3]     ; 6.192 ; 6.192 ; 6.192 ; 6.192 ;
; SW[10]     ; HEX0[4]     ; 6.262 ; 6.262 ; 6.262 ; 6.262 ;
; SW[10]     ; HEX0[5]     ; 6.183 ; 6.183 ; 6.183 ; 6.183 ;
; SW[10]     ; HEX0[6]     ; 6.170 ; 6.170 ; 6.170 ; 6.170 ;
; SW[10]     ; HEX1[0]     ; 6.038 ; 6.038 ; 6.038 ; 6.038 ;
; SW[10]     ; HEX1[1]     ; 6.060 ; 6.060 ; 6.060 ; 6.060 ;
; SW[10]     ; HEX1[2]     ; 6.037 ; 6.037 ; 6.037 ; 6.037 ;
; SW[10]     ; HEX1[3]     ; 6.051 ; 6.051 ; 6.051 ; 6.051 ;
; SW[10]     ; HEX1[4]     ; 6.056 ; 6.056 ; 6.056 ; 6.056 ;
; SW[10]     ; HEX1[5]     ; 6.046 ; 6.046 ; 6.046 ; 6.046 ;
; SW[10]     ; HEX1[6]     ; 6.040 ; 6.040 ; 6.040 ; 6.040 ;
; SW[10]     ; HEX6[0]     ; 5.433 ; 5.433 ; 5.433 ; 5.433 ;
; SW[10]     ; HEX6[1]     ; 5.311 ;       ;       ; 5.311 ;
; SW[10]     ; HEX6[2]     ; 5.332 ; 5.332 ; 5.332 ; 5.332 ;
; SW[10]     ; HEX6[3]     ; 5.454 ; 5.454 ; 5.454 ; 5.454 ;
; SW[10]     ; HEX6[4]     ; 5.315 ; 5.315 ; 5.315 ; 5.315 ;
; SW[10]     ; HEX6[5]     ; 5.438 ; 5.438 ; 5.438 ; 5.438 ;
; SW[10]     ; HEX6[6]     ; 5.432 ; 5.432 ; 5.432 ; 5.432 ;
; SW[11]     ; HEX0[0]     ; 6.964 ; 6.964 ; 6.964 ; 6.964 ;
; SW[11]     ; HEX0[1]     ; 6.915 ; 6.915 ; 6.915 ; 6.915 ;
; SW[11]     ; HEX0[2]     ; 6.989 ; 6.989 ; 6.989 ; 6.989 ;
; SW[11]     ; HEX0[3]     ; 6.908 ; 6.908 ; 6.908 ; 6.908 ;
; SW[11]     ; HEX0[4]     ; 6.993 ; 6.993 ; 6.993 ; 6.993 ;
; SW[11]     ; HEX0[5]     ; 6.898 ; 6.898 ; 6.898 ; 6.898 ;
; SW[11]     ; HEX0[6]     ; 6.903 ; 6.903 ; 6.903 ; 6.903 ;
; SW[11]     ; HEX1[0]     ; 5.751 ; 5.751 ; 5.751 ; 5.751 ;
; SW[11]     ; HEX1[1]     ; 5.771 ; 5.771 ; 5.771 ; 5.771 ;
; SW[11]     ; HEX1[2]     ; 5.748 ; 5.748 ; 5.748 ; 5.748 ;
; SW[11]     ; HEX1[3]     ; 5.778 ; 5.778 ; 5.778 ; 5.778 ;
; SW[11]     ; HEX1[4]     ; 5.773 ; 5.773 ; 5.773 ; 5.773 ;
; SW[11]     ; HEX1[5]     ; 5.762 ; 5.762 ; 5.762 ; 5.762 ;
; SW[11]     ; HEX1[6]     ; 5.766 ; 5.766 ; 5.766 ; 5.766 ;
; SW[11]     ; HEX6[0]     ; 5.650 ; 5.650 ; 5.650 ; 5.650 ;
; SW[11]     ; HEX6[1]     ; 5.527 ; 5.527 ; 5.527 ; 5.527 ;
; SW[11]     ; HEX6[2]     ; 5.552 ; 5.552 ; 5.552 ; 5.552 ;
; SW[11]     ; HEX6[3]     ; 5.671 ; 5.671 ; 5.671 ; 5.671 ;
; SW[11]     ; HEX6[4]     ;       ; 5.534 ; 5.534 ;       ;
; SW[11]     ; HEX6[5]     ; 5.659 ; 5.659 ; 5.659 ; 5.659 ;
; SW[11]     ; HEX6[6]     ; 5.652 ; 5.652 ; 5.652 ; 5.652 ;
+------------+-------------+-------+-------+-------+-------+


+----------------------------------------------------------------------------+
; Multicorner Timing Analysis Summary                                        ;
+------------------+-------+------+----------+---------+---------------------+
; Clock            ; Setup ; Hold ; Recovery ; Removal ; Minimum Pulse Width ;
+------------------+-------+------+----------+---------+---------------------+
; Worst-case Slack ; N/A   ; N/A  ; N/A      ; N/A     ; N/A                 ;
; Design-wide TNS  ; 0.0   ; 0.0  ; 0.0      ; 0.0     ; 0.0                 ;
+------------------+-------+------+----------+---------+---------------------+


+--------------------------------------------------------------+
; Progagation Delay                                            ;
+------------+-------------+--------+--------+--------+--------+
; Input Port ; Output Port ; RR     ; RF     ; FR     ; FF     ;
+------------+-------------+--------+--------+--------+--------+
; SW[0]      ; HEX0[0]     ; 14.667 ; 14.667 ; 14.667 ; 14.667 ;
; SW[0]      ; HEX0[1]     ; 14.499 ; 14.499 ; 14.499 ; 14.499 ;
; SW[0]      ; HEX0[2]     ; 14.693 ; 14.693 ; 14.693 ; 14.693 ;
; SW[0]      ; HEX0[3]     ; 14.490 ; 14.490 ; 14.490 ; 14.490 ;
; SW[0]      ; HEX0[4]     ; 14.699 ; 14.699 ; 14.699 ; 14.699 ;
; SW[0]      ; HEX0[5]     ; 14.480 ; 14.480 ; 14.480 ; 14.480 ;
; SW[0]      ; HEX0[6]     ; 14.486 ; 14.486 ; 14.486 ; 14.486 ;
; SW[0]      ; HEX1[0]     ; 16.225 ; 16.225 ; 16.225 ; 16.225 ;
; SW[0]      ; HEX1[1]     ; 16.247 ; 16.247 ; 16.247 ; 16.247 ;
; SW[0]      ; HEX1[2]     ; 16.221 ; 16.221 ; 16.221 ; 16.221 ;
; SW[0]      ; HEX1[3]     ; 16.398 ; 16.398 ; 16.398 ; 16.398 ;
; SW[0]      ; HEX1[4]     ; 16.244 ; 16.244 ; 16.244 ; 16.244 ;
; SW[0]      ; HEX1[5]     ; 16.236 ; 16.236 ; 16.236 ; 16.236 ;
; SW[0]      ; HEX1[6]     ; 16.240 ; 16.240 ; 16.240 ; 16.240 ;
; SW[0]      ; HEX4[0]     ; 10.245 ; 10.245 ; 10.245 ; 10.245 ;
; SW[0]      ; HEX4[1]     ; 10.274 ; 10.274 ; 10.274 ; 10.274 ;
; SW[0]      ; HEX4[2]     ;        ; 10.249 ; 10.249 ;        ;
; SW[0]      ; HEX4[3]     ; 10.262 ; 10.262 ; 10.262 ; 10.262 ;
; SW[0]      ; HEX4[4]     ; 10.703 ;        ;        ; 10.703 ;
; SW[0]      ; HEX4[5]     ; 10.763 ;        ;        ; 10.763 ;
; SW[0]      ; HEX4[6]     ; 10.266 ; 10.266 ; 10.266 ; 10.266 ;
; SW[1]      ; HEX0[0]     ; 13.501 ; 13.501 ; 13.501 ; 13.501 ;
; SW[1]      ; HEX0[1]     ; 13.333 ; 13.333 ; 13.333 ; 13.333 ;
; SW[1]      ; HEX0[2]     ; 13.527 ; 13.527 ; 13.527 ; 13.527 ;
; SW[1]      ; HEX0[3]     ; 13.324 ; 13.324 ; 13.324 ; 13.324 ;
; SW[1]      ; HEX0[4]     ; 13.533 ; 13.533 ; 13.533 ; 13.533 ;
; SW[1]      ; HEX0[5]     ; 13.314 ; 13.314 ; 13.314 ; 13.314 ;
; SW[1]      ; HEX0[6]     ; 13.320 ; 13.320 ; 13.320 ; 13.320 ;
; SW[1]      ; HEX1[0]     ; 15.059 ; 15.059 ; 15.059 ; 15.059 ;
; SW[1]      ; HEX1[1]     ; 15.081 ; 15.081 ; 15.081 ; 15.081 ;
; SW[1]      ; HEX1[2]     ; 15.055 ; 15.055 ; 15.055 ; 15.055 ;
; SW[1]      ; HEX1[3]     ; 15.232 ; 15.232 ; 15.232 ; 15.232 ;
; SW[1]      ; HEX1[4]     ; 15.078 ; 15.078 ; 15.078 ; 15.078 ;
; SW[1]      ; HEX1[5]     ; 15.070 ; 15.070 ; 15.070 ; 15.070 ;
; SW[1]      ; HEX1[6]     ; 15.074 ; 15.074 ; 15.074 ; 15.074 ;
; SW[1]      ; HEX4[0]     ; 9.645  ; 9.645  ; 9.645  ; 9.645  ;
; SW[1]      ; HEX4[1]     ; 9.666  ; 9.666  ; 9.666  ; 9.666  ;
; SW[1]      ; HEX4[2]     ; 9.672  ;        ;        ; 9.672  ;
; SW[1]      ; HEX4[3]     ; 9.658  ; 9.658  ; 9.658  ; 9.658  ;
; SW[1]      ; HEX4[4]     ;        ; 10.098 ; 10.098 ;        ;
; SW[1]      ; HEX4[5]     ; 10.159 ; 10.159 ; 10.159 ; 10.159 ;
; SW[1]      ; HEX4[6]     ; 9.653  ; 9.653  ; 9.653  ; 9.653  ;
; SW[2]      ; HEX0[0]     ; 12.649 ; 12.649 ; 12.649 ; 12.649 ;
; SW[2]      ; HEX0[1]     ; 12.481 ; 12.481 ; 12.481 ; 12.481 ;
; SW[2]      ; HEX0[2]     ; 12.675 ; 12.675 ; 12.675 ; 12.675 ;
; SW[2]      ; HEX0[3]     ; 12.472 ; 12.472 ; 12.472 ; 12.472 ;
; SW[2]      ; HEX0[4]     ; 12.681 ; 12.681 ; 12.681 ; 12.681 ;
; SW[2]      ; HEX0[5]     ; 12.462 ; 12.462 ; 12.462 ; 12.462 ;
; SW[2]      ; HEX0[6]     ; 12.468 ; 12.468 ; 12.468 ; 12.468 ;
; SW[2]      ; HEX1[0]     ; 14.208 ; 14.208 ; 14.208 ; 14.208 ;
; SW[2]      ; HEX1[1]     ; 14.230 ; 14.230 ; 14.230 ; 14.230 ;
; SW[2]      ; HEX1[2]     ; 14.204 ; 14.204 ; 14.204 ; 14.204 ;
; SW[2]      ; HEX1[3]     ; 14.381 ; 14.381 ; 14.381 ; 14.381 ;
; SW[2]      ; HEX1[4]     ; 14.227 ; 14.227 ; 14.227 ; 14.227 ;
; SW[2]      ; HEX1[5]     ; 14.219 ; 14.219 ; 14.219 ; 14.219 ;
; SW[2]      ; HEX1[6]     ; 14.223 ; 14.223 ; 14.223 ; 14.223 ;
; SW[2]      ; HEX4[0]     ; 9.812  ; 9.812  ; 9.812  ; 9.812  ;
; SW[2]      ; HEX4[1]     ; 9.838  ;        ;        ; 9.838  ;
; SW[2]      ; HEX4[2]     ; 9.814  ; 9.814  ; 9.814  ; 9.814  ;
; SW[2]      ; HEX4[3]     ; 9.825  ; 9.825  ; 9.825  ; 9.825  ;
; SW[2]      ; HEX4[4]     ; 10.265 ; 10.265 ; 10.265 ; 10.265 ;
; SW[2]      ; HEX4[5]     ; 10.325 ; 10.325 ; 10.325 ; 10.325 ;
; SW[2]      ; HEX4[6]     ; 9.829  ; 9.829  ; 9.829  ; 9.829  ;
; SW[3]      ; HEX0[0]     ; 10.987 ; 10.987 ; 10.987 ; 10.987 ;
; SW[3]      ; HEX0[1]     ; 10.819 ; 10.819 ; 10.819 ; 10.819 ;
; SW[3]      ; HEX0[2]     ; 11.013 ; 11.013 ; 11.013 ; 11.013 ;
; SW[3]      ; HEX0[3]     ; 10.810 ; 10.810 ; 10.810 ; 10.810 ;
; SW[3]      ; HEX0[4]     ; 11.019 ; 11.019 ; 11.019 ; 11.019 ;
; SW[3]      ; HEX0[5]     ; 10.800 ; 10.800 ; 10.800 ; 10.800 ;
; SW[3]      ; HEX0[6]     ; 10.806 ; 10.806 ; 10.806 ; 10.806 ;
; SW[3]      ; HEX1[0]     ; 12.506 ; 12.506 ; 12.506 ; 12.506 ;
; SW[3]      ; HEX1[1]     ; 12.528 ; 12.528 ; 12.528 ; 12.528 ;
; SW[3]      ; HEX1[2]     ; 12.502 ; 12.502 ; 12.502 ; 12.502 ;
; SW[3]      ; HEX1[3]     ; 12.679 ; 12.679 ; 12.679 ; 12.679 ;
; SW[3]      ; HEX1[4]     ; 12.338 ; 12.525 ; 12.525 ; 12.338 ;
; SW[3]      ; HEX1[5]     ; 12.517 ; 12.517 ; 12.517 ; 12.517 ;
; SW[3]      ; HEX1[6]     ; 12.521 ; 12.521 ; 12.521 ; 12.521 ;
; SW[3]      ; HEX4[0]     ; 9.484  ; 9.484  ; 9.484  ; 9.484  ;
; SW[3]      ; HEX4[1]     ; 9.508  ; 9.508  ; 9.508  ; 9.508  ;
; SW[3]      ; HEX4[2]     ; 9.509  ; 9.509  ; 9.509  ; 9.509  ;
; SW[3]      ; HEX4[3]     ; 9.496  ; 9.496  ; 9.496  ; 9.496  ;
; SW[3]      ; HEX4[4]     ;        ; 9.935  ; 9.935  ;        ;
; SW[3]      ; HEX4[5]     ; 9.998  ; 9.998  ; 9.998  ; 9.998  ;
; SW[3]      ; HEX4[6]     ; 9.500  ; 9.500  ; 9.500  ; 9.500  ;
; SW[8]      ; HEX0[0]     ; 14.680 ; 14.680 ; 14.680 ; 14.680 ;
; SW[8]      ; HEX0[1]     ; 14.512 ; 14.512 ; 14.512 ; 14.512 ;
; SW[8]      ; HEX0[2]     ; 14.706 ; 14.706 ; 14.706 ; 14.706 ;
; SW[8]      ; HEX0[3]     ; 14.503 ; 14.503 ; 14.503 ; 14.503 ;
; SW[8]      ; HEX0[4]     ; 14.712 ; 14.712 ; 14.712 ; 14.712 ;
; SW[8]      ; HEX0[5]     ; 14.493 ; 14.493 ; 14.493 ; 14.493 ;
; SW[8]      ; HEX0[6]     ; 14.499 ; 14.499 ; 14.499 ; 14.499 ;
; SW[8]      ; HEX1[0]     ; 16.238 ; 16.238 ; 16.238 ; 16.238 ;
; SW[8]      ; HEX1[1]     ; 16.260 ; 16.260 ; 16.260 ; 16.260 ;
; SW[8]      ; HEX1[2]     ; 16.234 ; 16.234 ; 16.234 ; 16.234 ;
; SW[8]      ; HEX1[3]     ; 16.411 ; 16.411 ; 16.411 ; 16.411 ;
; SW[8]      ; HEX1[4]     ; 16.257 ; 16.257 ; 16.257 ; 16.257 ;
; SW[8]      ; HEX1[5]     ; 16.249 ; 16.249 ; 16.249 ; 16.249 ;
; SW[8]      ; HEX1[6]     ; 16.253 ; 16.253 ; 16.253 ; 16.253 ;
; SW[8]      ; HEX6[0]     ; 10.137 ; 10.137 ; 10.137 ; 10.137 ;
; SW[8]      ; HEX6[1]     ; 9.887  ; 9.887  ; 9.887  ; 9.887  ;
; SW[8]      ; HEX6[2]     ;        ; 9.908  ; 9.908  ;        ;
; SW[8]      ; HEX6[3]     ; 10.176 ; 10.176 ; 10.176 ; 10.176 ;
; SW[8]      ; HEX6[4]     ; 9.888  ;        ;        ; 9.888  ;
; SW[8]      ; HEX6[5]     ; 10.145 ;        ;        ; 10.145 ;
; SW[8]      ; HEX6[6]     ; 10.138 ; 10.138 ; 10.138 ; 10.138 ;
; SW[9]      ; HEX0[0]     ; 14.146 ; 14.146 ; 14.146 ; 14.146 ;
; SW[9]      ; HEX0[1]     ; 13.978 ; 13.978 ; 13.978 ; 13.978 ;
; SW[9]      ; HEX0[2]     ; 14.172 ; 14.172 ; 14.172 ; 14.172 ;
; SW[9]      ; HEX0[3]     ; 13.969 ; 13.969 ; 13.969 ; 13.969 ;
; SW[9]      ; HEX0[4]     ; 14.178 ; 14.178 ; 14.178 ; 14.178 ;
; SW[9]      ; HEX0[5]     ; 13.959 ; 13.959 ; 13.959 ; 13.959 ;
; SW[9]      ; HEX0[6]     ; 13.965 ; 13.965 ; 13.965 ; 13.965 ;
; SW[9]      ; HEX1[0]     ; 15.704 ; 15.704 ; 15.704 ; 15.704 ;
; SW[9]      ; HEX1[1]     ; 15.726 ; 15.726 ; 15.726 ; 15.726 ;
; SW[9]      ; HEX1[2]     ; 15.700 ; 15.700 ; 15.700 ; 15.700 ;
; SW[9]      ; HEX1[3]     ; 15.877 ; 15.877 ; 15.877 ; 15.877 ;
; SW[9]      ; HEX1[4]     ; 15.723 ; 15.723 ; 15.723 ; 15.723 ;
; SW[9]      ; HEX1[5]     ; 15.715 ; 15.715 ; 15.715 ; 15.715 ;
; SW[9]      ; HEX1[6]     ; 15.719 ; 15.719 ; 15.719 ; 15.719 ;
; SW[9]      ; HEX6[0]     ; 10.194 ; 10.194 ; 10.194 ; 10.194 ;
; SW[9]      ; HEX6[1]     ; 9.961  ; 9.961  ; 9.961  ; 9.961  ;
; SW[9]      ; HEX6[2]     ; 9.965  ;        ;        ; 9.965  ;
; SW[9]      ; HEX6[3]     ; 10.233 ; 10.233 ; 10.233 ; 10.233 ;
; SW[9]      ; HEX6[4]     ;        ; 9.960  ; 9.960  ;        ;
; SW[9]      ; HEX6[5]     ; 10.201 ; 10.201 ; 10.201 ; 10.201 ;
; SW[9]      ; HEX6[6]     ; 10.211 ; 10.211 ; 10.211 ; 10.211 ;
; SW[10]     ; HEX0[0]     ; 14.333 ; 14.333 ; 14.333 ; 14.333 ;
; SW[10]     ; HEX0[1]     ; 14.165 ; 14.165 ; 14.165 ; 14.165 ;
; SW[10]     ; HEX0[2]     ; 14.359 ; 14.359 ; 14.359 ; 14.359 ;
; SW[10]     ; HEX0[3]     ; 14.156 ; 14.156 ; 14.156 ; 14.156 ;
; SW[10]     ; HEX0[4]     ; 14.365 ; 14.365 ; 14.365 ; 14.365 ;
; SW[10]     ; HEX0[5]     ; 14.146 ; 14.146 ; 14.146 ; 14.146 ;
; SW[10]     ; HEX0[6]     ; 14.152 ; 14.152 ; 14.152 ; 14.152 ;
; SW[10]     ; HEX1[0]     ; 15.891 ; 15.891 ; 15.891 ; 15.891 ;
; SW[10]     ; HEX1[1]     ; 15.913 ; 15.913 ; 15.913 ; 15.913 ;
; SW[10]     ; HEX1[2]     ; 15.887 ; 15.887 ; 15.887 ; 15.887 ;
; SW[10]     ; HEX1[3]     ; 16.064 ; 16.064 ; 16.064 ; 16.064 ;
; SW[10]     ; HEX1[4]     ; 15.910 ; 15.910 ; 15.910 ; 15.910 ;
; SW[10]     ; HEX1[5]     ; 15.902 ; 15.902 ; 15.902 ; 15.902 ;
; SW[10]     ; HEX1[6]     ; 15.906 ; 15.906 ; 15.906 ; 15.906 ;
; SW[10]     ; HEX6[0]     ; 9.759  ; 9.759  ; 9.759  ; 9.759  ;
; SW[10]     ; HEX6[1]     ; 9.504  ;        ;        ; 9.504  ;
; SW[10]     ; HEX6[2]     ; 9.531  ; 9.531  ; 9.531  ; 9.531  ;
; SW[10]     ; HEX6[3]     ; 9.795  ; 9.795  ; 9.795  ; 9.795  ;
; SW[10]     ; HEX6[4]     ; 9.507  ; 9.507  ; 9.507  ; 9.507  ;
; SW[10]     ; HEX6[5]     ; 9.767  ; 9.767  ; 9.767  ; 9.767  ;
; SW[10]     ; HEX6[6]     ; 9.758  ; 9.758  ; 9.758  ; 9.758  ;
; SW[11]     ; HEX0[0]     ; 13.318 ; 13.318 ; 13.318 ; 13.318 ;
; SW[11]     ; HEX0[1]     ; 13.150 ; 13.150 ; 13.150 ; 13.150 ;
; SW[11]     ; HEX0[2]     ; 13.344 ; 13.344 ; 13.344 ; 13.344 ;
; SW[11]     ; HEX0[3]     ; 13.141 ; 13.141 ; 13.141 ; 13.141 ;
; SW[11]     ; HEX0[4]     ; 13.350 ; 13.350 ; 13.350 ; 13.350 ;
; SW[11]     ; HEX0[5]     ; 13.131 ; 13.131 ; 13.131 ; 13.131 ;
; SW[11]     ; HEX0[6]     ; 13.137 ; 13.137 ; 13.137 ; 13.137 ;
; SW[11]     ; HEX1[0]     ; 14.876 ; 14.876 ; 14.876 ; 14.876 ;
; SW[11]     ; HEX1[1]     ; 14.898 ; 14.898 ; 14.898 ; 14.898 ;
; SW[11]     ; HEX1[2]     ; 14.872 ; 14.872 ; 14.872 ; 14.872 ;
; SW[11]     ; HEX1[3]     ; 15.049 ; 15.049 ; 15.049 ; 15.049 ;
; SW[11]     ; HEX1[4]     ; 14.895 ; 14.895 ; 14.895 ; 14.895 ;
; SW[11]     ; HEX1[5]     ; 14.887 ; 14.887 ; 14.887 ; 14.887 ;
; SW[11]     ; HEX1[6]     ; 14.891 ; 14.891 ; 14.891 ; 14.891 ;
; SW[11]     ; HEX6[0]     ; 10.258 ; 10.258 ; 10.258 ; 10.258 ;
; SW[11]     ; HEX6[1]     ; 9.999  ; 9.999  ; 9.999  ; 9.999  ;
; SW[11]     ; HEX6[2]     ; 10.028 ; 10.028 ; 10.028 ; 10.028 ;
; SW[11]     ; HEX6[3]     ; 10.298 ; 10.298 ; 10.298 ; 10.298 ;
; SW[11]     ; HEX6[4]     ;        ; 10.010 ; 10.010 ;        ;
; SW[11]     ; HEX6[5]     ; 10.266 ; 10.266 ; 10.266 ; 10.266 ;
; SW[11]     ; HEX6[6]     ; 10.258 ; 10.258 ; 10.258 ; 10.258 ;
+------------+-------------+--------+--------+--------+--------+


+----------------------------------------------------------+
; Minimum Progagation Delay                                ;
+------------+-------------+-------+-------+-------+-------+
; Input Port ; Output Port ; RR    ; RF    ; FR    ; FF    ;
+------------+-------------+-------+-------+-------+-------+
; SW[0]      ; HEX0[0]     ; 6.489 ; 6.489 ; 6.489 ; 6.489 ;
; SW[0]      ; HEX0[1]     ; 6.436 ; 6.436 ; 6.436 ; 6.436 ;
; SW[0]      ; HEX0[2]     ; 6.510 ; 6.510 ; 6.510 ; 6.510 ;
; SW[0]      ; HEX0[3]     ; 6.433 ; 6.433 ; 6.433 ; 6.433 ;
; SW[0]      ; HEX0[4]     ; 6.517 ; 6.517 ; 6.517 ; 6.517 ;
; SW[0]      ; HEX0[5]     ; 6.424 ; 6.424 ; 6.424 ; 6.424 ;
; SW[0]      ; HEX0[6]     ; 6.425 ; 6.425 ; 6.425 ; 6.425 ;
; SW[0]      ; HEX1[0]     ; 6.688 ; 6.688 ; 6.688 ; 6.688 ;
; SW[0]      ; HEX1[1]     ; 6.710 ; 6.710 ; 6.710 ; 6.710 ;
; SW[0]      ; HEX1[2]     ; 6.687 ; 6.687 ; 6.687 ; 6.687 ;
; SW[0]      ; HEX1[3]     ; 6.701 ; 6.701 ; 6.701 ; 6.701 ;
; SW[0]      ; HEX1[4]     ; 6.706 ; 6.706 ; 6.706 ; 6.706 ;
; SW[0]      ; HEX1[5]     ; 6.696 ; 6.696 ; 6.696 ; 6.696 ;
; SW[0]      ; HEX1[6]     ; 6.690 ; 6.690 ; 6.690 ; 6.690 ;
; SW[0]      ; HEX4[0]     ; 5.691 ; 5.691 ; 5.691 ; 5.691 ;
; SW[0]      ; HEX4[1]     ; 5.709 ; 5.709 ; 5.709 ; 5.709 ;
; SW[0]      ; HEX4[2]     ;       ; 5.709 ; 5.709 ;       ;
; SW[0]      ; HEX4[3]     ; 5.694 ; 5.694 ; 5.694 ; 5.694 ;
; SW[0]      ; HEX4[4]     ; 5.893 ;       ;       ; 5.893 ;
; SW[0]      ; HEX4[5]     ; 5.930 ;       ;       ; 5.930 ;
; SW[0]      ; HEX4[6]     ; 5.697 ; 5.697 ; 5.697 ; 5.697 ;
; SW[1]      ; HEX0[0]     ; 5.968 ; 5.968 ; 5.968 ; 5.968 ;
; SW[1]      ; HEX0[1]     ; 5.915 ; 5.915 ; 5.915 ; 5.915 ;
; SW[1]      ; HEX0[2]     ; 5.989 ; 5.989 ; 5.989 ; 5.989 ;
; SW[1]      ; HEX0[3]     ; 5.912 ; 5.912 ; 5.912 ; 5.912 ;
; SW[1]      ; HEX0[4]     ; 5.996 ; 5.996 ; 5.996 ; 5.996 ;
; SW[1]      ; HEX0[5]     ; 5.903 ; 5.903 ; 5.903 ; 5.903 ;
; SW[1]      ; HEX0[6]     ; 5.904 ; 5.904 ; 5.904 ; 5.904 ;
; SW[1]      ; HEX1[0]     ; 5.985 ; 5.985 ; 5.985 ; 5.985 ;
; SW[1]      ; HEX1[1]     ; 6.007 ; 6.007 ; 6.007 ; 6.007 ;
; SW[1]      ; HEX1[2]     ; 5.984 ; 5.984 ; 5.984 ; 5.984 ;
; SW[1]      ; HEX1[3]     ; 5.998 ; 5.998 ; 5.998 ; 5.998 ;
; SW[1]      ; HEX1[4]     ; 6.003 ; 6.003 ; 6.003 ; 6.003 ;
; SW[1]      ; HEX1[5]     ; 5.993 ; 5.993 ; 5.993 ; 5.993 ;
; SW[1]      ; HEX1[6]     ; 5.987 ; 5.987 ; 5.987 ; 5.987 ;
; SW[1]      ; HEX4[0]     ; 5.402 ; 5.402 ; 5.402 ; 5.402 ;
; SW[1]      ; HEX4[1]     ; 5.422 ; 5.422 ; 5.422 ; 5.422 ;
; SW[1]      ; HEX4[2]     ; 5.425 ;       ;       ; 5.425 ;
; SW[1]      ; HEX4[3]     ; 5.413 ; 5.413 ; 5.413 ; 5.413 ;
; SW[1]      ; HEX4[4]     ;       ; 5.607 ; 5.607 ;       ;
; SW[1]      ; HEX4[5]     ; 5.642 ; 5.642 ; 5.642 ; 5.642 ;
; SW[1]      ; HEX4[6]     ; 5.413 ; 5.413 ; 5.413 ; 5.413 ;
; SW[2]      ; HEX0[0]     ; 6.155 ; 6.155 ; 6.155 ; 6.155 ;
; SW[2]      ; HEX0[1]     ; 6.098 ; 6.098 ; 6.098 ; 6.098 ;
; SW[2]      ; HEX0[2]     ; 6.174 ; 6.174 ; 6.174 ; 6.174 ;
; SW[2]      ; HEX0[3]     ; 6.102 ; 6.102 ; 6.102 ; 6.102 ;
; SW[2]      ; HEX0[4]     ; 6.172 ; 6.172 ; 6.172 ; 6.172 ;
; SW[2]      ; HEX0[5]     ; 6.093 ; 6.093 ; 6.093 ; 6.093 ;
; SW[2]      ; HEX0[6]     ; 6.080 ; 6.080 ; 6.080 ; 6.080 ;
; SW[2]      ; HEX1[0]     ; 5.984 ; 5.984 ; 5.984 ; 5.984 ;
; SW[2]      ; HEX1[1]     ; 6.006 ; 6.006 ; 6.006 ; 6.006 ;
; SW[2]      ; HEX1[2]     ; 5.983 ; 5.983 ; 5.983 ; 5.983 ;
; SW[2]      ; HEX1[3]     ; 5.997 ; 5.997 ; 5.997 ; 5.997 ;
; SW[2]      ; HEX1[4]     ; 6.002 ; 6.002 ; 6.002 ; 6.002 ;
; SW[2]      ; HEX1[5]     ; 5.992 ; 5.992 ; 5.992 ; 5.992 ;
; SW[2]      ; HEX1[6]     ; 5.986 ; 5.986 ; 5.986 ; 5.986 ;
; SW[2]      ; HEX4[0]     ; 5.460 ; 5.460 ; 5.460 ; 5.460 ;
; SW[2]      ; HEX4[1]     ; 5.484 ;       ;       ; 5.484 ;
; SW[2]      ; HEX4[2]     ; 5.490 ; 5.490 ; 5.490 ; 5.490 ;
; SW[2]      ; HEX4[3]     ; 5.471 ; 5.471 ; 5.471 ; 5.471 ;
; SW[2]      ; HEX4[4]     ; 5.666 ; 5.666 ; 5.666 ; 5.666 ;
; SW[2]      ; HEX4[5]     ; 5.707 ; 5.707 ; 5.707 ; 5.707 ;
; SW[2]      ; HEX4[6]     ; 5.475 ; 5.475 ; 5.475 ; 5.475 ;
; SW[3]      ; HEX0[0]     ; 5.960 ; 5.960 ; 5.960 ; 5.960 ;
; SW[3]      ; HEX0[1]     ; 5.911 ; 5.911 ; 5.911 ; 5.911 ;
; SW[3]      ; HEX0[2]     ; 5.985 ; 5.985 ; 5.985 ; 5.985 ;
; SW[3]      ; HEX0[3]     ; 5.904 ; 5.904 ; 5.904 ; 5.904 ;
; SW[3]      ; HEX0[4]     ; 5.989 ; 5.989 ; 5.989 ; 5.989 ;
; SW[3]      ; HEX0[5]     ; 5.894 ; 5.894 ; 5.894 ; 5.894 ;
; SW[3]      ; HEX0[6]     ; 5.899 ; 5.899 ; 5.899 ; 5.899 ;
; SW[3]      ; HEX1[0]     ; 5.729 ; 5.729 ; 5.729 ; 5.729 ;
; SW[3]      ; HEX1[1]     ; 5.749 ; 5.749 ; 5.749 ; 5.749 ;
; SW[3]      ; HEX1[2]     ; 5.726 ; 5.726 ; 5.726 ; 5.726 ;
; SW[3]      ; HEX1[3]     ; 5.756 ; 5.756 ; 5.756 ; 5.756 ;
; SW[3]      ; HEX1[4]     ; 5.751 ; 5.751 ; 5.751 ; 5.751 ;
; SW[3]      ; HEX1[5]     ; 5.740 ; 5.740 ; 5.740 ; 5.740 ;
; SW[3]      ; HEX1[6]     ; 5.744 ; 5.744 ; 5.744 ; 5.744 ;
; SW[3]      ; HEX4[0]     ; 5.315 ; 5.315 ; 5.315 ; 5.315 ;
; SW[3]      ; HEX4[1]     ; 5.337 ; 5.337 ; 5.337 ; 5.337 ;
; SW[3]      ; HEX4[2]     ; 5.336 ; 5.336 ; 5.336 ; 5.336 ;
; SW[3]      ; HEX4[3]     ; 5.324 ; 5.324 ; 5.324 ; 5.324 ;
; SW[3]      ; HEX4[4]     ;       ; 5.518 ; 5.518 ;       ;
; SW[3]      ; HEX4[5]     ; 5.555 ; 5.555 ; 5.555 ; 5.555 ;
; SW[3]      ; HEX4[6]     ; 5.328 ; 5.328 ; 5.328 ; 5.328 ;
; SW[8]      ; HEX0[0]     ; 5.926 ; 5.926 ; 5.926 ; 5.926 ;
; SW[8]      ; HEX0[1]     ; 5.877 ; 5.877 ; 5.877 ; 5.877 ;
; SW[8]      ; HEX0[2]     ; 5.951 ; 5.951 ; 5.951 ; 5.951 ;
; SW[8]      ; HEX0[3]     ; 5.870 ; 5.870 ; 5.870 ; 5.870 ;
; SW[8]      ; HEX0[4]     ; 5.955 ; 5.955 ; 5.955 ; 5.955 ;
; SW[8]      ; HEX0[5]     ; 5.860 ; 5.860 ; 5.860 ; 5.860 ;
; SW[8]      ; HEX0[6]     ; 5.865 ; 5.865 ; 5.865 ; 5.865 ;
; SW[8]      ; HEX1[0]     ; 6.026 ; 6.026 ; 6.026 ; 6.026 ;
; SW[8]      ; HEX1[1]     ; 6.047 ; 6.047 ; 6.047 ; 6.047 ;
; SW[8]      ; HEX1[2]     ; 6.024 ; 6.024 ; 6.024 ; 6.024 ;
; SW[8]      ; HEX1[3]     ; 6.041 ; 6.041 ; 6.041 ; 6.041 ;
; SW[8]      ; HEX1[4]     ; 6.048 ; 6.048 ; 6.048 ; 6.048 ;
; SW[8]      ; HEX1[5]     ; 6.034 ; 6.034 ; 6.034 ; 6.034 ;
; SW[8]      ; HEX1[6]     ; 6.028 ; 6.028 ; 6.028 ; 6.028 ;
; SW[8]      ; HEX6[0]     ; 5.616 ; 5.616 ; 5.616 ; 5.616 ;
; SW[8]      ; HEX6[1]     ; 5.499 ; 5.499 ; 5.499 ; 5.499 ;
; SW[8]      ; HEX6[2]     ;       ; 5.518 ; 5.518 ;       ;
; SW[8]      ; HEX6[3]     ; 5.637 ; 5.637 ; 5.637 ; 5.637 ;
; SW[8]      ; HEX6[4]     ; 5.502 ;       ;       ; 5.502 ;
; SW[8]      ; HEX6[5]     ; 5.625 ;       ;       ; 5.625 ;
; SW[8]      ; HEX6[6]     ; 5.619 ; 5.619 ; 5.619 ; 5.619 ;
; SW[9]      ; HEX0[0]     ; 6.249 ; 6.249 ; 6.249 ; 6.249 ;
; SW[9]      ; HEX0[1]     ; 6.196 ; 6.196 ; 6.196 ; 6.196 ;
; SW[9]      ; HEX0[2]     ; 6.270 ; 6.270 ; 6.270 ; 6.270 ;
; SW[9]      ; HEX0[3]     ; 6.193 ; 6.193 ; 6.193 ; 6.193 ;
; SW[9]      ; HEX0[4]     ; 6.277 ; 6.277 ; 6.277 ; 6.277 ;
; SW[9]      ; HEX0[5]     ; 6.184 ; 6.184 ; 6.184 ; 6.184 ;
; SW[9]      ; HEX0[6]     ; 6.185 ; 6.185 ; 6.185 ; 6.185 ;
; SW[9]      ; HEX1[0]     ; 6.067 ; 6.067 ; 6.067 ; 6.067 ;
; SW[9]      ; HEX1[1]     ; 6.088 ; 6.088 ; 6.088 ; 6.088 ;
; SW[9]      ; HEX1[2]     ; 6.065 ; 6.065 ; 6.065 ; 6.065 ;
; SW[9]      ; HEX1[3]     ; 6.082 ; 6.082 ; 6.082 ; 6.082 ;
; SW[9]      ; HEX1[4]     ; 6.089 ; 6.089 ; 6.089 ; 6.089 ;
; SW[9]      ; HEX1[5]     ; 6.075 ; 6.075 ; 6.075 ; 6.075 ;
; SW[9]      ; HEX1[6]     ; 6.069 ; 6.069 ; 6.069 ; 6.069 ;
; SW[9]      ; HEX6[0]     ; 5.661 ; 5.661 ; 5.661 ; 5.661 ;
; SW[9]      ; HEX6[1]     ; 5.558 ; 5.558 ; 5.558 ; 5.558 ;
; SW[9]      ; HEX6[2]     ; 5.563 ;       ;       ; 5.563 ;
; SW[9]      ; HEX6[3]     ; 5.682 ; 5.682 ; 5.682 ; 5.682 ;
; SW[9]      ; HEX6[4]     ;       ; 5.557 ; 5.557 ;       ;
; SW[9]      ; HEX6[5]     ; 5.670 ; 5.670 ; 5.670 ; 5.670 ;
; SW[9]      ; HEX6[6]     ; 5.678 ; 5.678 ; 5.678 ; 5.678 ;
; SW[10]     ; HEX0[0]     ; 6.245 ; 6.245 ; 6.245 ; 6.245 ;
; SW[10]     ; HEX0[1]     ; 6.188 ; 6.188 ; 6.188 ; 6.188 ;
; SW[10]     ; HEX0[2]     ; 6.264 ; 6.264 ; 6.264 ; 6.264 ;
; SW[10]     ; HEX0[3]     ; 6.192 ; 6.192 ; 6.192 ; 6.192 ;
; SW[10]     ; HEX0[4]     ; 6.262 ; 6.262 ; 6.262 ; 6.262 ;
; SW[10]     ; HEX0[5]     ; 6.183 ; 6.183 ; 6.183 ; 6.183 ;
; SW[10]     ; HEX0[6]     ; 6.170 ; 6.170 ; 6.170 ; 6.170 ;
; SW[10]     ; HEX1[0]     ; 6.038 ; 6.038 ; 6.038 ; 6.038 ;
; SW[10]     ; HEX1[1]     ; 6.060 ; 6.060 ; 6.060 ; 6.060 ;
; SW[10]     ; HEX1[2]     ; 6.037 ; 6.037 ; 6.037 ; 6.037 ;
; SW[10]     ; HEX1[3]     ; 6.051 ; 6.051 ; 6.051 ; 6.051 ;
; SW[10]     ; HEX1[4]     ; 6.056 ; 6.056 ; 6.056 ; 6.056 ;
; SW[10]     ; HEX1[5]     ; 6.046 ; 6.046 ; 6.046 ; 6.046 ;
; SW[10]     ; HEX1[6]     ; 6.040 ; 6.040 ; 6.040 ; 6.040 ;
; SW[10]     ; HEX6[0]     ; 5.433 ; 5.433 ; 5.433 ; 5.433 ;
; SW[10]     ; HEX6[1]     ; 5.311 ;       ;       ; 5.311 ;
; SW[10]     ; HEX6[2]     ; 5.332 ; 5.332 ; 5.332 ; 5.332 ;
; SW[10]     ; HEX6[3]     ; 5.454 ; 5.454 ; 5.454 ; 5.454 ;
; SW[10]     ; HEX6[4]     ; 5.315 ; 5.315 ; 5.315 ; 5.315 ;
; SW[10]     ; HEX6[5]     ; 5.438 ; 5.438 ; 5.438 ; 5.438 ;
; SW[10]     ; HEX6[6]     ; 5.432 ; 5.432 ; 5.432 ; 5.432 ;
; SW[11]     ; HEX0[0]     ; 6.964 ; 6.964 ; 6.964 ; 6.964 ;
; SW[11]     ; HEX0[1]     ; 6.915 ; 6.915 ; 6.915 ; 6.915 ;
; SW[11]     ; HEX0[2]     ; 6.989 ; 6.989 ; 6.989 ; 6.989 ;
; SW[11]     ; HEX0[3]     ; 6.908 ; 6.908 ; 6.908 ; 6.908 ;
; SW[11]     ; HEX0[4]     ; 6.993 ; 6.993 ; 6.993 ; 6.993 ;
; SW[11]     ; HEX0[5]     ; 6.898 ; 6.898 ; 6.898 ; 6.898 ;
; SW[11]     ; HEX0[6]     ; 6.903 ; 6.903 ; 6.903 ; 6.903 ;
; SW[11]     ; HEX1[0]     ; 5.751 ; 5.751 ; 5.751 ; 5.751 ;
; SW[11]     ; HEX1[1]     ; 5.771 ; 5.771 ; 5.771 ; 5.771 ;
; SW[11]     ; HEX1[2]     ; 5.748 ; 5.748 ; 5.748 ; 5.748 ;
; SW[11]     ; HEX1[3]     ; 5.778 ; 5.778 ; 5.778 ; 5.778 ;
; SW[11]     ; HEX1[4]     ; 5.773 ; 5.773 ; 5.773 ; 5.773 ;
; SW[11]     ; HEX1[5]     ; 5.762 ; 5.762 ; 5.762 ; 5.762 ;
; SW[11]     ; HEX1[6]     ; 5.766 ; 5.766 ; 5.766 ; 5.766 ;
; SW[11]     ; HEX6[0]     ; 5.650 ; 5.650 ; 5.650 ; 5.650 ;
; SW[11]     ; HEX6[1]     ; 5.527 ; 5.527 ; 5.527 ; 5.527 ;
; SW[11]     ; HEX6[2]     ; 5.552 ; 5.552 ; 5.552 ; 5.552 ;
; SW[11]     ; HEX6[3]     ; 5.671 ; 5.671 ; 5.671 ; 5.671 ;
; SW[11]     ; HEX6[4]     ;       ; 5.534 ; 5.534 ;       ;
; SW[11]     ; HEX6[5]     ; 5.659 ; 5.659 ; 5.659 ; 5.659 ;
; SW[11]     ; HEX6[6]     ; 5.652 ; 5.652 ; 5.652 ; 5.652 ;
+------------+-------------+-------+-------+-------+-------+


-------------------
; Clock Transfers ;
-------------------
Nothing to report.


---------------
; Report TCCS ;
---------------
No dedicated SERDES Transmitter circuitry present in device or used in design


---------------
; Report RSKM ;
---------------
No dedicated SERDES Receiver circuitry present in device or used in design


+------------------------------------------------+
; Unconstrained Paths                            ;
+---------------------------------+-------+------+
; Property                        ; Setup ; Hold ;
+---------------------------------+-------+------+
; Illegal Clocks                  ; 0     ; 0    ;
; Unconstrained Clocks            ; 0     ; 0    ;
; Unconstrained Input Ports       ; 8     ; 8    ;
; Unconstrained Input Port Paths  ; 168   ; 168  ;
; Unconstrained Output Ports      ; 28    ; 28   ;
; Unconstrained Output Port Paths ; 168   ; 168  ;
+---------------------------------+-------+------+


+------------------------------------+
; TimeQuest Timing Analyzer Messages ;
+------------------------------------+
Info: *******************************************************************
Info: Running Quartus II 64-Bit TimeQuest Timing Analyzer
    Info: Version 13.0.1 Build 232 06/12/2013 Service Pack 1 SJ Web Edition
    Info: Processing started: Fri Oct 21 20:28:13 2022
Info: Command: quartus_sta bai3 -c bai3
Info: qsta_default_script.tcl version: #1
Info (11104): Parallel Compilation has detected 8 hyper-threaded processors. However, the extra hyper-threaded processors will not be used by default. Parallel Compilation will use 4 of the 4 physical processors detected instead.
Info (21077): Low junction temperature is 0 degrees C
Info (21077): High junction temperature is 85 degrees C
Critical Warning (332012): Synopsys Design Constraints File file not found: 'bai3.sdc'. A Synopsys Design Constraints File is required by the TimeQuest Timing Analyzer to get proper timing constraints. Without it, the Compiler will not properly optimize the design.
Info (332142): No user constrained base clocks found in the design. Calling "derive_clocks -period 1.0"
Info (332096): The command derive_clocks did not find any clocks to derive.  No clocks were created or changed.
Warning (332068): No clocks defined in design.
Info: Found TIMEQUEST_REPORT_SCRIPT_INCLUDE_DEFAULT_ANALYSIS = ON
Info (332159): No clocks to report
Info: Analyzing Slow Model
Info (332140): No fmax paths to report
Info (332140): No Setup paths to report
Info (332140): No Hold paths to report
Info (332140): No Recovery paths to report
Info (332140): No Removal paths to report
Info (332140): No Minimum Pulse Width paths to report
Info (332001): The selected device family is not supported by the report_metastability command.
Info: Analyzing Fast Model
Info (332142): No user constrained base clocks found in the design. Calling "derive_clocks -period 1.0"
Info (332096): The command derive_clocks did not find any clocks to derive.  No clocks were created or changed.
Warning (332068): No clocks defined in design.
Info (332140): No Setup paths to report
Info (332140): No Hold paths to report
Info (332140): No Recovery paths to report
Info (332140): No Removal paths to report
Info (332140): No Minimum Pulse Width paths to report
Info (332001): The selected device family is not supported by the report_metastability command.
Info (332102): Design is not fully constrained for setup requirements
Info (332102): Design is not fully constrained for hold requirements
Info: Quartus II 64-Bit TimeQuest Timing Analyzer was successful. 0 errors, 3 warnings
    Info: Peak virtual memory: 4582 megabytes
    Info: Processing ended: Fri Oct 21 20:28:14 2022
    Info: Elapsed time: 00:00:01
    Info: Total CPU time (on all processors): 00:00:01


